TpTrace Verbose: 0 : 12316, 1, 2023/08/16, 18:47:40.061, 5349853526810, vstest.console.dll, Version: 17.6.0-release-20230405-08 Current process architecture: X64
TpTrace Verbose: 0 : 12316, 1, 2023/08/16, 18:47:40.063, 5349853541688, vstest.console.dll, Runtime location: C:\Program Files\dotnet\shared\Microsoft.NETCore.App\7.0.7
TpTrace Verbose: 0 : 12316, 1, 2023/08/16, 18:47:40.065, 5349853565455, vstest.console.dll, ArtifactProcessingPostProcessModeProcessorExecutor.Initialize: ArtifactProcessingMode.Collect
TpTrace Verbose: 0 : 12316, 1, 2023/08/16, 18:47:40.065, 5349853566994, vstest.console.dll, TestSessionCorrelationIdProcessorModeProcessorExecutor.Initialize: TestSessionCorrelationId '19928_0f5f4a42-8b83-4d46-813d-b49e423416d0'
TpTrace Information: 0 : 12316, 1, 2023/08/16, 18:47:40.081, 5349853721146, vstest.console.dll, FilePatternParser: The given file C:\Users\Lenovo\source\repos\SimpleHotelWebsite-new 04.08\Tests\MyHotelWebsite.Services.Data.Tests\bin\Debug\net6.0\fine-code-coverage\build-output\MyHotelWebsite.Services.Data.Tests.dll is a full path.
TpTrace Verbose: 0 : 12316, 1, 2023/08/16, 18:47:40.086, 5349853773350, vstest.console.dll, TestPluginCache.DiscoverTestExtensions: finding test extensions in assemblies ends with: RuntimeProvider.dll TPluginInfo: Microsoft.VisualStudio.TestPlatform.Common.ExtensionFramework.Utilities.TestRuntimePluginInformation TExtension: Microsoft.VisualStudio.TestPlatform.ObjectModel.Host.ITestRuntimeProvider
TpTrace Verbose: 0 : 12316, 1, 2023/08/16, 18:47:40.086, 5349853777084, vstest.console.dll, TestPluginCache.GetExtensionPaths: Filtered extension paths: 
TpTrace Verbose: 0 : 12316, 1, 2023/08/16, 18:47:40.086, 5349853777755, vstest.console.dll, TestPluginCache.GetExtensionPaths: Added default extension paths: C:\Program Files\dotnet\sdk\7.0.304\Extensions\Microsoft.Diagnostics.NETCore.Client.dll
C:\Program Files\dotnet\sdk\7.0.304\Extensions\Microsoft.TestPlatform.Extensions.BlameDataCollector.dll
C:\Program Files\dotnet\sdk\7.0.304\Extensions\Microsoft.TestPlatform.Extensions.EventLogCollector.dll
C:\Program Files\dotnet\sdk\7.0.304\Extensions\Microsoft.TestPlatform.TestHostRuntimeProvider.dll
C:\Program Files\dotnet\sdk\7.0.304\Extensions\Microsoft.VisualStudio.TestPlatform.Extensions.Html.TestLogger.dll
C:\Program Files\dotnet\sdk\7.0.304\Extensions\Microsoft.VisualStudio.TestPlatform.Extensions.Trx.TestLogger.dll
TpTrace Verbose: 0 : 12316, 1, 2023/08/16, 18:47:40.086, 5349853778052, vstest.console.dll, TestPluginCache.GetExtensionPaths: Added unfilterableExtensionPaths: 
TpTrace Information: 0 : 12316, 1, 2023/08/16, 18:47:40.087, 5349853783682, vstest.console.dll, AssemblyResolver.ctor: Creating AssemblyResolver with searchDirectories C:\Program Files\dotnet\sdk\7.0.304\Extensions,C:\Program Files\dotnet\sdk\7.0.304
TpTrace Verbose: 0 : 12316, 1, 2023/08/16, 18:47:40.088, 5349853794146, vstest.console.dll, TestPluginCache.DiscoverTestExtensions: Discovering the extensions using extension path.
TpTrace Verbose: 0 : 12316, 1, 2023/08/16, 18:47:40.088, 5349853795528, vstest.console.dll, TestPluginCache.GetExtensionPaths: Filtered extension paths: 
TpTrace Verbose: 0 : 12316, 1, 2023/08/16, 18:47:40.088, 5349853795812, vstest.console.dll, TestPluginCache.GetExtensionPaths: Added default extension paths: C:\Program Files\dotnet\sdk\7.0.304\Extensions\Microsoft.Diagnostics.NETCore.Client.dll
C:\Program Files\dotnet\sdk\7.0.304\Extensions\Microsoft.TestPlatform.Extensions.BlameDataCollector.dll
C:\Program Files\dotnet\sdk\7.0.304\Extensions\Microsoft.TestPlatform.Extensions.EventLogCollector.dll
C:\Program Files\dotnet\sdk\7.0.304\Extensions\Microsoft.TestPlatform.TestHostRuntimeProvider.dll
C:\Program Files\dotnet\sdk\7.0.304\Extensions\Microsoft.VisualStudio.TestPlatform.Extensions.Html.TestLogger.dll
C:\Program Files\dotnet\sdk\7.0.304\Extensions\Microsoft.VisualStudio.TestPlatform.Extensions.Trx.TestLogger.dll
TpTrace Verbose: 0 : 12316, 1, 2023/08/16, 18:47:40.088, 5349853796056, vstest.console.dll, TestPluginCache.GetExtensionPaths: Added unfilterableExtensionPaths: 
TpTrace Verbose: 0 : 12316, 1, 2023/08/16, 18:47:40.088, 5349853798127, vstest.console.dll, TestPluginCache.DiscoverTestExtensions: Discovering the extensions using allExtensionPaths: C:\Program Files\dotnet\sdk\7.0.304\Extensions\Microsoft.Diagnostics.NETCore.Client.dll
C:\Program Files\dotnet\sdk\7.0.304\Extensions\Microsoft.TestPlatform.Extensions.BlameDataCollector.dll
C:\Program Files\dotnet\sdk\7.0.304\Extensions\Microsoft.TestPlatform.Extensions.EventLogCollector.dll
C:\Program Files\dotnet\sdk\7.0.304\Extensions\Microsoft.TestPlatform.TestHostRuntimeProvider.dll
C:\Program Files\dotnet\sdk\7.0.304\Extensions\Microsoft.VisualStudio.TestPlatform.Extensions.Html.TestLogger.dll
C:\Program Files\dotnet\sdk\7.0.304\Extensions\Microsoft.VisualStudio.TestPlatform.Extensions.Trx.TestLogger.dll
TpTrace Information: 0 : 12316, 1, 2023/08/16, 18:47:40.089, 5349853799577, vstest.console.dll, AssemblyResolver.AddSearchDirectories: Adding more searchDirectories C:\Program Files\dotnet\sdk\7.0.304\Extensions,C:\Program Files\dotnet\sdk\7.0.304
TpTrace Information: 0 : 12316, 1, 2023/08/16, 18:47:40.089, 5349853800130, vstest.console.dll, AssemblyResolver.AddSearchDirectories: Adding more searchDirectories C:\Program Files\dotnet\sdk\7.0.304\Extensions,C:\Program Files\dotnet\sdk\7.0.304
TpTrace Information: 0 : 12316, 1, 2023/08/16, 18:47:40.089, 5349853800376, vstest.console.dll, AssemblyResolver.AddSearchDirectories: Adding more searchDirectories C:\Program Files\dotnet\sdk\7.0.304\Extensions,C:\Program Files\dotnet\sdk\7.0.304
TpTrace Information: 0 : 12316, 1, 2023/08/16, 18:47:40.089, 5349853800613, vstest.console.dll, AssemblyResolver.AddSearchDirectories: Adding more searchDirectories C:\Program Files\dotnet\sdk\7.0.304\Extensions,C:\Program Files\dotnet\sdk\7.0.304
TpTrace Information: 0 : 12316, 1, 2023/08/16, 18:47:40.089, 5349853800807, vstest.console.dll, AssemblyResolver.AddSearchDirectories: Adding more searchDirectories C:\Program Files\dotnet\sdk\7.0.304\Extensions,C:\Program Files\dotnet\sdk\7.0.304
TpTrace Information: 0 : 12316, 1, 2023/08/16, 18:47:40.089, 5349853800993, vstest.console.dll, AssemblyResolver.AddSearchDirectories: Adding more searchDirectories C:\Program Files\dotnet\sdk\7.0.304\Extensions,C:\Program Files\dotnet\sdk\7.0.304
TpTrace Information: 0 : 12316, 1, 2023/08/16, 18:47:40.089, 5349853804769, vstest.console.dll, AssemblyResolver.OnResolve: Microsoft.Diagnostics.NETCore.Client: Resolving assembly.
TpTrace Information: 0 : 12316, 1, 2023/08/16, 18:47:40.089, 5349853805534, vstest.console.dll, AssemblyResolver.OnResolve: Microsoft.Diagnostics.NETCore.Client: Searching in: 'C:\Program Files\dotnet\sdk\7.0.304\Extensions'.
TpTrace Information: 0 : 12316, 1, 2023/08/16, 18:47:40.095, 5349853865150, vstest.console.dll, AssemblyResolver.OnResolve: Microsoft.Diagnostics.NETCore.Client: Loading assembly 'C:\Program Files\dotnet\sdk\7.0.304\Extensions\Microsoft.Diagnostics.NETCore.Client.dll'.
TpTrace Information: 0 : 12316, 1, 2023/08/16, 18:47:40.096, 5349853870954, vstest.console.dll, AssemblyResolver.OnResolve: Resolved assembly: Microsoft.Diagnostics.NETCore.Client, from path: C:\Program Files\dotnet\sdk\7.0.304\Extensions\Microsoft.Diagnostics.NETCore.Client.dll
TpTrace Verbose: 0 : 12316, 1, 2023/08/16, 18:47:40.097, 5349853880891, vstest.console.dll, MetadataReaderExtensionsHelper: Discovering extensions inside assembly 'Microsoft.Diagnostics.NETCore.Client, Version=0.2.6.42401, Culture=neutral, PublicKeyToken=31bf3856ad364e35' file path 'C:\Program Files\dotnet\sdk\7.0.304\Extensions\Microsoft.Diagnostics.NETCore.Client.dll'
TpTrace Information: 0 : 12316, 1, 2023/08/16, 18:47:40.100, 5349853916096, vstest.console.dll, AssemblyResolver.OnResolve: Microsoft.Bcl.AsyncInterfaces: Resolving assembly.
TpTrace Information: 0 : 12316, 1, 2023/08/16, 18:47:40.100, 5349853917452, vstest.console.dll, AssemblyResolver.OnResolve: Microsoft.Bcl.AsyncInterfaces: Searching in: 'C:\Program Files\dotnet\sdk\7.0.304\Extensions'.
TpTrace Information: 0 : 12316, 1, 2023/08/16, 18:47:40.101, 5349853918542, vstest.console.dll, AssemblyResolver.OnResolve: Microsoft.Bcl.AsyncInterfaces: Assembly path does not exist: 'C:\Program Files\dotnet\sdk\7.0.304\Extensions\Microsoft.Bcl.AsyncInterfaces.dll', returning.
TpTrace Information: 0 : 12316, 1, 2023/08/16, 18:47:40.101, 5349853920055, vstest.console.dll, AssemblyResolver.OnResolve: Microsoft.Bcl.AsyncInterfaces: Assembly path does not exist: 'C:\Program Files\dotnet\sdk\7.0.304\Extensions\Microsoft.Bcl.AsyncInterfaces.exe', returning.
TpTrace Information: 0 : 12316, 1, 2023/08/16, 18:47:40.101, 5349853920778, vstest.console.dll, AssemblyResolver.OnResolve: Microsoft.Bcl.AsyncInterfaces: Searching in: 'C:\Program Files\dotnet\sdk\7.0.304'.
TpTrace Information: 0 : 12316, 1, 2023/08/16, 18:47:40.101, 5349853921650, vstest.console.dll, AssemblyResolver.OnResolve: Microsoft.Bcl.AsyncInterfaces: Assembly path does not exist: 'C:\Program Files\dotnet\sdk\7.0.304\Microsoft.Bcl.AsyncInterfaces.dll', returning.
TpTrace Information: 0 : 12316, 1, 2023/08/16, 18:47:40.101, 5349853922186, vstest.console.dll, AssemblyResolver.OnResolve: Microsoft.Bcl.AsyncInterfaces: Assembly path does not exist: 'C:\Program Files\dotnet\sdk\7.0.304\Microsoft.Bcl.AsyncInterfaces.exe', returning.
TpTrace Information: 0 : 12316, 1, 2023/08/16, 18:47:40.101, 5349853922393, vstest.console.dll, AssemblyResolver.OnResolve: Microsoft.Bcl.AsyncInterfaces: Failed to load assembly.
TpTrace Verbose: 0 : 12316, 1, 2023/08/16, 18:47:40.101, 5349853922851, vstest.console.dll, CurrentDomainAssemblyResolve: Resolving assembly 'Microsoft.Bcl.AsyncInterfaces'.
TpTrace Information: 0 : 12316, 1, 2023/08/16, 18:47:40.101, 5349853923735, vstest.console.dll, AssemblyResolver.OnResolve: Microsoft.Bcl.AsyncInterfaces: Resolving assembly.
TpTrace Information: 0 : 12316, 1, 2023/08/16, 18:47:40.101, 5349853924164, vstest.console.dll, AssemblyResolver.OnResolve: Microsoft.Bcl.AsyncInterfaces: Resolved from cache.
TpTrace Verbose: 0 : 12316, 1, 2023/08/16, 18:47:40.101, 5349853924401, vstest.console.dll, CurrentDomainAssemblyResolve: Resolving assembly 'Microsoft.Bcl.AsyncInterfaces'.
TpTrace Verbose: 0 : 12316, 1, 2023/08/16, 18:47:40.101, 5349853924778, vstest.console.dll, CurrentDomainAssemblyResolve: Failed to resolve assembly 'Microsoft.Bcl.AsyncInterfaces'.
TpTrace Verbose: 0 : 12316, 1, 2023/08/16, 18:47:40.102, 5349853931184, vstest.console.dll, CurrentDomainAssemblyResolve: Failed to resolve assembly 'Microsoft.Bcl.AsyncInterfaces'.
TpTrace Warning: 0 : 12316, 1, 2023/08/16, 18:47:40.107, 5349853987101, vstest.console.dll, TestPluginDiscoverer: Failed to get types from assembly 'Microsoft.Diagnostics.NETCore.Client, Version=0.2.6.42401, Culture=neutral, PublicKeyToken=31bf3856ad364e35'. Error: System.Reflection.ReflectionTypeLoadException: Unable to load one or more of the requested types.
Could not load file or assembly 'Microsoft.Bcl.AsyncInterfaces, Version=1.0.0.0, Culture=neutral, PublicKeyToken=cc7b13ffcd2ddd51'. The system cannot find the file specified.
   at System.Reflection.RuntimeModule.GetTypes(RuntimeModule module)
   at System.Reflection.Assembly.GetTypes()
   at Microsoft.VisualStudio.TestPlatform.Common.ExtensionFramework.TestPluginDiscoverer.GetTestExtensionsFromAssembly[TPluginInfo,TExtension](Assembly assembly, Dictionary`2 pluginInfos, String filePath)
System.IO.FileNotFoundException: Could not load file or assembly 'Microsoft.Bcl.AsyncInterfaces, Version=1.0.0.0, Culture=neutral, PublicKeyToken=cc7b13ffcd2ddd51'. The system cannot find the file specified.
File name: 'Microsoft.Bcl.AsyncInterfaces, Version=1.0.0.0, Culture=neutral, PublicKeyToken=cc7b13ffcd2ddd51'
 ---> System.IO.FileNotFoundException: Could not load file or assembly 'Microsoft.Bcl.AsyncInterfaces, Culture=neutral, PublicKeyToken=null'. The system cannot find the file specified.
File name: 'Microsoft.Bcl.AsyncInterfaces, Culture=neutral, PublicKeyToken=null'
   at System.Reflection.RuntimeAssembly.InternalLoad(AssemblyName assemblyName, StackCrawlMark& stackMark, AssemblyLoadContext assemblyLoadContext, RuntimeAssembly requestingAssembly, Boolean throwOnFileNotFound)
   at System.Reflection.Assembly.Load(AssemblyName assemblyRef)
   at Microsoft.VisualStudio.TestPlatform.Common.ExtensionFramework.TestPluginCache.CurrentDomainAssemblyResolve(Object sender, AssemblyResolveEventArgs args)
   at System.Runtime.Loader.AssemblyLoadContext.GetFirstResolvedAssemblyFromResolvingEvent(AssemblyName assemblyName)
   at System.Runtime.Loader.AssemblyLoadContext.ResolveUsingEvent(AssemblyName assemblyName)
   at System.Runtime.Loader.AssemblyLoadContext.ResolveUsingResolvingEvent(IntPtr gchManagedAssemblyLoadContext, AssemblyName assemblyName)
TpTrace Warning: 0 : 12316, 1, 2023/08/16, 18:47:40.108, 5349853990533, vstest.console.dll, LoaderExceptions: System.IO.FileNotFoundException: Could not load file or assembly 'Microsoft.Bcl.AsyncInterfaces, Version=1.0.0.0, Culture=neutral, PublicKeyToken=cc7b13ffcd2ddd51'. The system cannot find the file specified.
File name: 'Microsoft.Bcl.AsyncInterfaces, Version=1.0.0.0, Culture=neutral, PublicKeyToken=cc7b13ffcd2ddd51'
 ---> System.IO.FileNotFoundException: Could not load file or assembly 'Microsoft.Bcl.AsyncInterfaces, Culture=neutral, PublicKeyToken=null'. The system cannot find the file specified.
File name: 'Microsoft.Bcl.AsyncInterfaces, Culture=neutral, PublicKeyToken=null'
   at System.Reflection.RuntimeAssembly.InternalLoad(AssemblyName assemblyName, StackCrawlMark& stackMark, AssemblyLoadContext assemblyLoadContext, RuntimeAssembly requestingAssembly, Boolean throwOnFileNotFound)
   at System.Reflection.Assembly.Load(AssemblyName assemblyRef)
   at Microsoft.VisualStudio.TestPlatform.Common.ExtensionFramework.TestPluginCache.CurrentDomainAssemblyResolve(Object sender, AssemblyResolveEventArgs args)
   at System.Runtime.Loader.AssemblyLoadContext.GetFirstResolvedAssemblyFromResolvingEvent(AssemblyName assemblyName)
   at System.Runtime.Loader.AssemblyLoadContext.ResolveUsingEvent(AssemblyName assemblyName)
   at System.Runtime.Loader.AssemblyLoadContext.ResolveUsingResolvingEvent(IntPtr gchManagedAssemblyLoadContext, AssemblyName assemblyName)
TpTrace Information: 0 : 12316, 1, 2023/08/16, 18:47:40.108, 5349853992007, vstest.console.dll, AssemblyResolver.OnResolve: Microsoft.TestPlatform.Extensions.BlameDataCollector: Resolving assembly.
TpTrace Information: 0 : 12316, 1, 2023/08/16, 18:47:40.108, 5349853992488, vstest.console.dll, AssemblyResolver.OnResolve: Microsoft.TestPlatform.Extensions.BlameDataCollector: Searching in: 'C:\Program Files\dotnet\sdk\7.0.304\Extensions'.
TpTrace Information: 0 : 12316, 1, 2023/08/16, 18:47:40.108, 5349853995552, vstest.console.dll, AssemblyResolver.OnResolve: Microsoft.TestPlatform.Extensions.BlameDataCollector: Loading assembly 'C:\Program Files\dotnet\sdk\7.0.304\Extensions\Microsoft.TestPlatform.Extensions.BlameDataCollector.dll'.
TpTrace Information: 0 : 12316, 1, 2023/08/16, 18:47:40.109, 5349854000045, vstest.console.dll, AssemblyResolver.OnResolve: Resolved assembly: Microsoft.TestPlatform.Extensions.BlameDataCollector, from path: C:\Program Files\dotnet\sdk\7.0.304\Extensions\Microsoft.TestPlatform.Extensions.BlameDataCollector.dll
TpTrace Verbose: 0 : 12316, 1, 2023/08/16, 18:47:40.109, 5349854000886, vstest.console.dll, MetadataReaderExtensionsHelper: Discovering extensions inside assembly 'Microsoft.TestPlatform.Extensions.BlameDataCollector, Version=15.0.0.0, Culture=neutral, PublicKeyToken=b03f5f7f11d50a3a' file path 'C:\Program Files\dotnet\sdk\7.0.304\Extensions\Microsoft.TestPlatform.Extensions.BlameDataCollector.dll'
TpTrace Information: 0 : 12316, 1, 2023/08/16, 18:47:40.110, 5349854013826, vstest.console.dll, AssemblyResolver.OnResolve: Microsoft.TestPlatform.Extensions.EventLogCollector: Resolving assembly.
TpTrace Information: 0 : 12316, 1, 2023/08/16, 18:47:40.110, 5349854014851, vstest.console.dll, AssemblyResolver.OnResolve: Microsoft.TestPlatform.Extensions.EventLogCollector: Searching in: 'C:\Program Files\dotnet\sdk\7.0.304\Extensions'.
TpTrace Information: 0 : 12316, 1, 2023/08/16, 18:47:40.110, 5349854017393, vstest.console.dll, AssemblyResolver.OnResolve: Microsoft.TestPlatform.Extensions.EventLogCollector: Loading assembly 'C:\Program Files\dotnet\sdk\7.0.304\Extensions\Microsoft.TestPlatform.Extensions.EventLogCollector.dll'.
TpTrace Information: 0 : 12316, 1, 2023/08/16, 18:47:40.111, 5349854021183, vstest.console.dll, AssemblyResolver.OnResolve: Resolved assembly: Microsoft.TestPlatform.Extensions.EventLogCollector, from path: C:\Program Files\dotnet\sdk\7.0.304\Extensions\Microsoft.TestPlatform.Extensions.EventLogCollector.dll
TpTrace Verbose: 0 : 12316, 1, 2023/08/16, 18:47:40.111, 5349854021715, vstest.console.dll, MetadataReaderExtensionsHelper: Discovering extensions inside assembly 'Microsoft.TestPlatform.Extensions.EventLogCollector, Version=15.0.0.0, Culture=neutral, PublicKeyToken=b03f5f7f11d50a3a' file path 'C:\Program Files\dotnet\sdk\7.0.304\Extensions\Microsoft.TestPlatform.Extensions.EventLogCollector.dll'
TpTrace Information: 0 : 12316, 1, 2023/08/16, 18:47:40.112, 5349854036733, vstest.console.dll, AssemblyResolver.OnResolve: Microsoft.TestPlatform.TestHostRuntimeProvider: Resolving assembly.
TpTrace Information: 0 : 12316, 1, 2023/08/16, 18:47:40.112, 5349854037716, vstest.console.dll, AssemblyResolver.OnResolve: Microsoft.TestPlatform.TestHostRuntimeProvider: Searching in: 'C:\Program Files\dotnet\sdk\7.0.304\Extensions'.
TpTrace Information: 0 : 12316, 1, 2023/08/16, 18:47:40.113, 5349854040033, vstest.console.dll, AssemblyResolver.OnResolve: Microsoft.TestPlatform.TestHostRuntimeProvider: Loading assembly 'C:\Program Files\dotnet\sdk\7.0.304\Extensions\Microsoft.TestPlatform.TestHostRuntimeProvider.dll'.
TpTrace Information: 0 : 12316, 1, 2023/08/16, 18:47:40.113, 5349854043579, vstest.console.dll, AssemblyResolver.OnResolve: Resolved assembly: Microsoft.TestPlatform.TestHostRuntimeProvider, from path: C:\Program Files\dotnet\sdk\7.0.304\Extensions\Microsoft.TestPlatform.TestHostRuntimeProvider.dll
TpTrace Verbose: 0 : 12316, 1, 2023/08/16, 18:47:40.113, 5349854044090, vstest.console.dll, MetadataReaderExtensionsHelper: Discovering extensions inside assembly 'Microsoft.TestPlatform.TestHostRuntimeProvider, Version=15.0.0.0, Culture=neutral, PublicKeyToken=b03f5f7f11d50a3a' file path 'C:\Program Files\dotnet\sdk\7.0.304\Extensions\Microsoft.TestPlatform.TestHostRuntimeProvider.dll'
TpTrace Information: 0 : 12316, 1, 2023/08/16, 18:47:40.114, 5349854057832, vstest.console.dll, GetTestExtensionFromType: Register extension with identifier data 'HostProvider://DefaultTestHost' and type 'Microsoft.VisualStudio.TestPlatform.CrossPlatEngine.Hosting.DefaultTestHostManager, Microsoft.TestPlatform.TestHostRuntimeProvider, Version=15.0.0.0, Culture=neutral, PublicKeyToken=b03f5f7f11d50a3a' inside file 'C:\Program Files\dotnet\sdk\7.0.304\Extensions\Microsoft.TestPlatform.TestHostRuntimeProvider.dll'
TpTrace Information: 0 : 12316, 1, 2023/08/16, 18:47:40.115, 5349854060248, vstest.console.dll, GetTestExtensionFromType: Register extension with identifier data 'HostProvider://DotnetTestHost' and type 'Microsoft.VisualStudio.TestPlatform.CrossPlatEngine.Hosting.DotnetTestHostManager, Microsoft.TestPlatform.TestHostRuntimeProvider, Version=15.0.0.0, Culture=neutral, PublicKeyToken=b03f5f7f11d50a3a' inside file 'C:\Program Files\dotnet\sdk\7.0.304\Extensions\Microsoft.TestPlatform.TestHostRuntimeProvider.dll'
TpTrace Information: 0 : 12316, 1, 2023/08/16, 18:47:40.115, 5349854061022, vstest.console.dll, AssemblyResolver.OnResolve: Microsoft.VisualStudio.TestPlatform.Extensions.Html.TestLogger: Resolving assembly.
TpTrace Information: 0 : 12316, 1, 2023/08/16, 18:47:40.115, 5349854061388, vstest.console.dll, AssemblyResolver.OnResolve: Microsoft.VisualStudio.TestPlatform.Extensions.Html.TestLogger: Searching in: 'C:\Program Files\dotnet\sdk\7.0.304\Extensions'.
TpTrace Information: 0 : 12316, 1, 2023/08/16, 18:47:40.115, 5349854064202, vstest.console.dll, AssemblyResolver.OnResolve: Microsoft.VisualStudio.TestPlatform.Extensions.Html.TestLogger: Loading assembly 'C:\Program Files\dotnet\sdk\7.0.304\Extensions\Microsoft.VisualStudio.TestPlatform.Extensions.Html.TestLogger.dll'.
TpTrace Information: 0 : 12316, 1, 2023/08/16, 18:47:40.116, 5349854068905, vstest.console.dll, AssemblyResolver.OnResolve: Resolved assembly: Microsoft.VisualStudio.TestPlatform.Extensions.Html.TestLogger, from path: C:\Program Files\dotnet\sdk\7.0.304\Extensions\Microsoft.VisualStudio.TestPlatform.Extensions.Html.TestLogger.dll
TpTrace Verbose: 0 : 12316, 1, 2023/08/16, 18:47:40.116, 5349854069991, vstest.console.dll, MetadataReaderExtensionsHelper: Discovering extensions inside assembly 'Microsoft.VisualStudio.TestPlatform.Extensions.Html.TestLogger, Version=15.0.0.0, Culture=neutral, PublicKeyToken=b03f5f7f11d50a3a' file path 'C:\Program Files\dotnet\sdk\7.0.304\Extensions\Microsoft.VisualStudio.TestPlatform.Extensions.Html.TestLogger.dll'
TpTrace Information: 0 : 12316, 1, 2023/08/16, 18:47:40.116, 5349854077434, vstest.console.dll, AssemblyResolver.OnResolve: Microsoft.VisualStudio.TestPlatform.Extensions.Trx.TestLogger: Resolving assembly.
TpTrace Information: 0 : 12316, 1, 2023/08/16, 18:47:40.116, 5349854078234, vstest.console.dll, AssemblyResolver.OnResolve: Microsoft.VisualStudio.TestPlatform.Extensions.Trx.TestLogger: Searching in: 'C:\Program Files\dotnet\sdk\7.0.304\Extensions'.
TpTrace Information: 0 : 12316, 1, 2023/08/16, 18:47:40.117, 5349854080587, vstest.console.dll, AssemblyResolver.OnResolve: Microsoft.VisualStudio.TestPlatform.Extensions.Trx.TestLogger: Loading assembly 'C:\Program Files\dotnet\sdk\7.0.304\Extensions\Microsoft.VisualStudio.TestPlatform.Extensions.Trx.TestLogger.dll'.
TpTrace Information: 0 : 12316, 1, 2023/08/16, 18:47:40.117, 5349854084538, vstest.console.dll, AssemblyResolver.OnResolve: Resolved assembly: Microsoft.VisualStudio.TestPlatform.Extensions.Trx.TestLogger, from path: C:\Program Files\dotnet\sdk\7.0.304\Extensions\Microsoft.VisualStudio.TestPlatform.Extensions.Trx.TestLogger.dll
TpTrace Verbose: 0 : 12316, 1, 2023/08/16, 18:47:40.117, 5349854085060, vstest.console.dll, MetadataReaderExtensionsHelper: Discovering extensions inside assembly 'Microsoft.VisualStudio.TestPlatform.Extensions.Trx.TestLogger, Version=15.0.0.0, Culture=neutral, PublicKeyToken=b03f5f7f11d50a3a' file path 'C:\Program Files\dotnet\sdk\7.0.304\Extensions\Microsoft.VisualStudio.TestPlatform.Extensions.Trx.TestLogger.dll'
TpTrace Verbose: 0 : 12316, 1, 2023/08/16, 18:47:40.118, 5349854093581, vstest.console.dll, TestPluginCache: Discovered the extensions using extension path ''.
TpTrace Verbose: 0 : 12316, 1, 2023/08/16, 18:47:40.118, 5349854094281, vstest.console.dll, TestPluginCache: Discoverers are ''.
TpTrace Verbose: 0 : 12316, 1, 2023/08/16, 18:47:40.118, 5349854094501, vstest.console.dll, TestPluginCache: Executors are ''.
TpTrace Verbose: 0 : 12316, 1, 2023/08/16, 18:47:40.118, 5349854094663, vstest.console.dll, TestPluginCache: Executors2 are ''.
TpTrace Verbose: 0 : 12316, 1, 2023/08/16, 18:47:40.118, 5349854094820, vstest.console.dll, TestPluginCache: Setting providers are ''.
TpTrace Verbose: 0 : 12316, 1, 2023/08/16, 18:47:40.118, 5349854094978, vstest.console.dll, TestPluginCache: Loggers are ''.
TpTrace Verbose: 0 : 12316, 1, 2023/08/16, 18:47:40.118, 5349854096149, vstest.console.dll, TestPluginCache: TestHosts are 'HostProvider://DefaultTestHost,HostProvider://DotnetTestHost'.
TpTrace Verbose: 0 : 12316, 1, 2023/08/16, 18:47:40.118, 5349854096412, vstest.console.dll, TestPluginCache: DataCollectors are ''.
TpTrace Information: 0 : 12316, 1, 2023/08/16, 18:47:40.126, 5349854171953, vstest.console.dll, RunTestsArgumentProcessor:Execute: Test run is starting.
TpTrace Verbose: 0 : 12316, 1, 2023/08/16, 18:47:40.126, 5349854172967, vstest.console.dll, RunTestsArgumentProcessor:Execute: Queuing Test run.
TpTrace Information: 0 : 12316, 1, 2023/08/16, 18:47:40.126, 5349854175035, vstest.console.dll, TestRequestManager.RunTests: run tests started.
TpTrace Information: 0 : 12316, 1, 2023/08/16, 18:47:40.127, 5349854185812, vstest.console.dll, AssemblyMetadataProvider.GetFrameworkName: Determined framework:'.NETCoreApp,Version=v6.0' for source: 'C:\Users\Lenovo\source\repos\SimpleHotelWebsite-new 04.08\Tests\MyHotelWebsite.Services.Data.Tests\bin\Debug\net6.0\fine-code-coverage\build-output\MyHotelWebsite.Services.Data.Tests.dll'
TpTrace Information: 0 : 12316, 1, 2023/08/16, 18:47:40.127, 5349854187613, vstest.console.dll, Determined framework for all sources: .NETCoreApp,Version=v6.0
TpTrace Verbose: 0 : 12316, 1, 2023/08/16, 18:47:40.128, 5349854191022, vstest.console.dll, TestRequestManager.UpdateRunSettingsIfRequired: Default architecture: X64 IsDefaultTargetArchitecture: True, Current process architecture: X64 OperatingSystem: Windows.
TpTrace Information: 0 : 12316, 1, 2023/08/16, 18:47:40.129, 5349854206983, vstest.console.dll, AssemblyMetadataProvider.GetArchitecture: Determined architecture:AnyCPU info for assembly: C:\Users\Lenovo\source\repos\SimpleHotelWebsite-new 04.08\Tests\MyHotelWebsite.Services.Data.Tests\bin\Debug\net6.0\fine-code-coverage\build-output\MyHotelWebsite.Services.Data.Tests.dll
TpTrace Information: 0 : 12316, 1, 2023/08/16, 18:47:40.129, 5349854207644, vstest.console.dll, Determined platform for source 'C:\Users\Lenovo\source\repos\SimpleHotelWebsite-new 04.08\Tests\MyHotelWebsite.Services.Data.Tests\bin\Debug\net6.0\fine-code-coverage\build-output\MyHotelWebsite.Services.Data.Tests.dll' was AnyCPU and it will use the default plaform X64.
TpTrace Information: 0 : 12316, 1, 2023/08/16, 18:47:40.129, 5349854207848, vstest.console.dll, None of the sources provided any runnable platform, using the default platform: X64
TpTrace Information: 0 : 12316, 1, 2023/08/16, 18:47:40.130, 5349854208678, vstest.console.dll, Platform was updated to 'X64'.
TpTrace Information: 0 : 12316, 1, 2023/08/16, 18:47:40.132, 5349854236626, vstest.console.dll, InferRunSettingsHelper.IsTestSettingsEnabled: Unable to navigate to RunSettings/MSTest. Current node: RunSettings
TpTrace Information: 0 : 12316, 1, 2023/08/16, 18:47:40.133, 5349854243603, vstest.console.dll, AssemblyResolver.OnResolve: Microsoft.VisualStudio.TestPlatform.Fakes: Resolving assembly.
TpTrace Information: 0 : 12316, 1, 2023/08/16, 18:47:40.133, 5349854244665, vstest.console.dll, AssemblyResolver.OnResolve: Microsoft.VisualStudio.TestPlatform.Fakes: Searching in: 'C:\Program Files\dotnet\sdk\7.0.304\Extensions'.
TpTrace Information: 0 : 12316, 1, 2023/08/16, 18:47:40.133, 5349854245766, vstest.console.dll, AssemblyResolver.OnResolve: Microsoft.VisualStudio.TestPlatform.Fakes: Assembly path does not exist: 'C:\Program Files\dotnet\sdk\7.0.304\Extensions\Microsoft.VisualStudio.TestPlatform.Fakes.dll', returning.
TpTrace Information: 0 : 12316, 1, 2023/08/16, 18:47:40.133, 5349854246284, vstest.console.dll, AssemblyResolver.OnResolve: Microsoft.VisualStudio.TestPlatform.Fakes: Assembly path does not exist: 'C:\Program Files\dotnet\sdk\7.0.304\Extensions\Microsoft.VisualStudio.TestPlatform.Fakes.exe', returning.
TpTrace Information: 0 : 12316, 1, 2023/08/16, 18:47:40.133, 5349854246529, vstest.console.dll, AssemblyResolver.OnResolve: Microsoft.VisualStudio.TestPlatform.Fakes: Searching in: 'C:\Program Files\dotnet\sdk\7.0.304'.
TpTrace Information: 0 : 12316, 1, 2023/08/16, 18:47:40.133, 5349854247065, vstest.console.dll, AssemblyResolver.OnResolve: Microsoft.VisualStudio.TestPlatform.Fakes: Assembly path does not exist: 'C:\Program Files\dotnet\sdk\7.0.304\Microsoft.VisualStudio.TestPlatform.Fakes.dll', returning.
TpTrace Information: 0 : 12316, 1, 2023/08/16, 18:47:40.133, 5349854247538, vstest.console.dll, AssemblyResolver.OnResolve: Microsoft.VisualStudio.TestPlatform.Fakes: Assembly path does not exist: 'C:\Program Files\dotnet\sdk\7.0.304\Microsoft.VisualStudio.TestPlatform.Fakes.exe', returning.
TpTrace Information: 0 : 12316, 1, 2023/08/16, 18:47:40.133, 5349854247738, vstest.console.dll, AssemblyResolver.OnResolve: Microsoft.VisualStudio.TestPlatform.Fakes: Failed to load assembly.
TpTrace Information: 0 : 12316, 1, 2023/08/16, 18:47:40.134, 5349854249884, vstest.console.dll, Failed to load assembly Microsoft.VisualStudio.TestPlatform.Fakes, Version=17.0.0.0, Culture=neutral. Reason:System.IO.FileNotFoundException: Could not load file or assembly 'Microsoft.VisualStudio.TestPlatform.Fakes, Version=17.0.0.0, Culture=neutral, PublicKeyToken=null'. The system cannot find the file specified.
File name: 'Microsoft.VisualStudio.TestPlatform.Fakes, Version=17.0.0.0, Culture=neutral, PublicKeyToken=null'
   at System.Reflection.RuntimeAssembly.InternalLoad(AssemblyName assemblyName, StackCrawlMark& stackMark, AssemblyLoadContext assemblyLoadContext, RuntimeAssembly requestingAssembly, Boolean throwOnFileNotFound)
   at System.Reflection.Assembly.Load(AssemblyName assemblyRef)
   at Microsoft.VisualStudio.TestPlatform.Common.Utilities.FakesUtilities.LoadTestPlatformAssembly()
TpTrace Verbose: 0 : 12316, 1, 2023/08/16, 18:47:40.137, 5349854279551, vstest.console.dll, TestPluginCache.DiscoverTestExtensions: finding test extensions in assemblies ends with: TestLogger.dll TPluginInfo: Microsoft.VisualStudio.TestPlatform.Common.ExtensionFramework.Utilities.TestLoggerPluginInformation TExtension: Microsoft.VisualStudio.TestPlatform.ObjectModel.Client.ITestLogger
TpTrace Verbose: 0 : 12316, 1, 2023/08/16, 18:47:40.137, 5349854280630, vstest.console.dll, TestPluginCache.GetExtensionPaths: Filtered extension paths: 
TpTrace Verbose: 0 : 12316, 1, 2023/08/16, 18:47:40.137, 5349854280877, vstest.console.dll, TestPluginCache.GetExtensionPaths: Added default extension paths: C:\Program Files\dotnet\sdk\7.0.304\Extensions\Microsoft.Diagnostics.NETCore.Client.dll
C:\Program Files\dotnet\sdk\7.0.304\Extensions\Microsoft.TestPlatform.Extensions.BlameDataCollector.dll
C:\Program Files\dotnet\sdk\7.0.304\Extensions\Microsoft.TestPlatform.Extensions.EventLogCollector.dll
C:\Program Files\dotnet\sdk\7.0.304\Extensions\Microsoft.TestPlatform.TestHostRuntimeProvider.dll
C:\Program Files\dotnet\sdk\7.0.304\Extensions\Microsoft.VisualStudio.TestPlatform.Extensions.Html.TestLogger.dll
C:\Program Files\dotnet\sdk\7.0.304\Extensions\Microsoft.VisualStudio.TestPlatform.Extensions.Trx.TestLogger.dll
TpTrace Verbose: 0 : 12316, 1, 2023/08/16, 18:47:40.137, 5349854281121, vstest.console.dll, TestPluginCache.GetExtensionPaths: Added unfilterableExtensionPaths: 
TpTrace Information: 0 : 12316, 1, 2023/08/16, 18:47:40.137, 5349854282475, vstest.console.dll, AssemblyResolver.AddSearchDirectories: Adding more searchDirectories C:\Program Files\dotnet\sdk\7.0.304\Extensions,C:\Program Files\dotnet\sdk\7.0.304
TpTrace Verbose: 0 : 12316, 1, 2023/08/16, 18:47:40.137, 5349854282782, vstest.console.dll, TestPluginCache.DiscoverTestExtensions: Discovering the extensions using extension path.
TpTrace Verbose: 0 : 12316, 1, 2023/08/16, 18:47:40.137, 5349854283004, vstest.console.dll, TestPluginCache.GetExtensionPaths: Filtered extension paths: 
TpTrace Verbose: 0 : 12316, 1, 2023/08/16, 18:47:40.137, 5349854283229, vstest.console.dll, TestPluginCache.GetExtensionPaths: Added default extension paths: C:\Program Files\dotnet\sdk\7.0.304\Extensions\Microsoft.Diagnostics.NETCore.Client.dll
C:\Program Files\dotnet\sdk\7.0.304\Extensions\Microsoft.TestPlatform.Extensions.BlameDataCollector.dll
C:\Program Files\dotnet\sdk\7.0.304\Extensions\Microsoft.TestPlatform.Extensions.EventLogCollector.dll
C:\Program Files\dotnet\sdk\7.0.304\Extensions\Microsoft.TestPlatform.TestHostRuntimeProvider.dll
C:\Program Files\dotnet\sdk\7.0.304\Extensions\Microsoft.VisualStudio.TestPlatform.Extensions.Html.TestLogger.dll
C:\Program Files\dotnet\sdk\7.0.304\Extensions\Microsoft.VisualStudio.TestPlatform.Extensions.Trx.TestLogger.dll
TpTrace Verbose: 0 : 12316, 1, 2023/08/16, 18:47:40.137, 5349854283415, vstest.console.dll, TestPluginCache.GetExtensionPaths: Added unfilterableExtensionPaths: 
TpTrace Verbose: 0 : 12316, 1, 2023/08/16, 18:47:40.137, 5349854283631, vstest.console.dll, TestPluginCache.DiscoverTestExtensions: Discovering the extensions using allExtensionPaths: C:\Program Files\dotnet\sdk\7.0.304\Extensions\Microsoft.Diagnostics.NETCore.Client.dll
C:\Program Files\dotnet\sdk\7.0.304\Extensions\Microsoft.TestPlatform.Extensions.BlameDataCollector.dll
C:\Program Files\dotnet\sdk\7.0.304\Extensions\Microsoft.TestPlatform.Extensions.EventLogCollector.dll
C:\Program Files\dotnet\sdk\7.0.304\Extensions\Microsoft.TestPlatform.TestHostRuntimeProvider.dll
C:\Program Files\dotnet\sdk\7.0.304\Extensions\Microsoft.VisualStudio.TestPlatform.Extensions.Html.TestLogger.dll
C:\Program Files\dotnet\sdk\7.0.304\Extensions\Microsoft.VisualStudio.TestPlatform.Extensions.Trx.TestLogger.dll
TpTrace Information: 0 : 12316, 1, 2023/08/16, 18:47:40.137, 5349854284462, vstest.console.dll, AssemblyResolver.AddSearchDirectories: Adding more searchDirectories C:\Program Files\dotnet\sdk\7.0.304\Extensions,C:\Program Files\dotnet\sdk\7.0.304
TpTrace Information: 0 : 12316, 1, 2023/08/16, 18:47:40.137, 5349854284756, vstest.console.dll, AssemblyResolver.AddSearchDirectories: Adding more searchDirectories C:\Program Files\dotnet\sdk\7.0.304\Extensions,C:\Program Files\dotnet\sdk\7.0.304
TpTrace Information: 0 : 12316, 1, 2023/08/16, 18:47:40.137, 5349854284952, vstest.console.dll, AssemblyResolver.AddSearchDirectories: Adding more searchDirectories C:\Program Files\dotnet\sdk\7.0.304\Extensions,C:\Program Files\dotnet\sdk\7.0.304
TpTrace Information: 0 : 12316, 1, 2023/08/16, 18:47:40.137, 5349854285142, vstest.console.dll, AssemblyResolver.AddSearchDirectories: Adding more searchDirectories C:\Program Files\dotnet\sdk\7.0.304\Extensions,C:\Program Files\dotnet\sdk\7.0.304
TpTrace Information: 0 : 12316, 1, 2023/08/16, 18:47:40.137, 5349854285358, vstest.console.dll, AssemblyResolver.AddSearchDirectories: Adding more searchDirectories C:\Program Files\dotnet\sdk\7.0.304\Extensions,C:\Program Files\dotnet\sdk\7.0.304
TpTrace Information: 0 : 12316, 1, 2023/08/16, 18:47:40.137, 5349854285552, vstest.console.dll, AssemblyResolver.AddSearchDirectories: Adding more searchDirectories C:\Program Files\dotnet\sdk\7.0.304\Extensions,C:\Program Files\dotnet\sdk\7.0.304
TpTrace Verbose: 0 : 12316, 1, 2023/08/16, 18:47:40.137, 5349854286430, vstest.console.dll, MetadataReaderExtensionsHelper: Discovering extensions inside assembly 'Microsoft.Diagnostics.NETCore.Client, Version=0.2.6.42401, Culture=neutral, PublicKeyToken=31bf3856ad364e35' file path 'C:\Program Files\dotnet\sdk\7.0.304\Extensions\Microsoft.Diagnostics.NETCore.Client.dll'
TpTrace Information: 0 : 12316, 1, 2023/08/16, 18:47:40.138, 5349854292037, vstest.console.dll, AssemblyResolver.OnResolve: Microsoft.Bcl.AsyncInterfaces: Resolving assembly.
TpTrace Information: 0 : 12316, 1, 2023/08/16, 18:47:40.138, 5349854292535, vstest.console.dll, AssemblyResolver.OnResolve: Microsoft.Bcl.AsyncInterfaces: Resolved from cache.
TpTrace Verbose: 0 : 12316, 1, 2023/08/16, 18:47:40.138, 5349854292737, vstest.console.dll, CurrentDomainAssemblyResolve: Resolving assembly 'Microsoft.Bcl.AsyncInterfaces'.
TpTrace Information: 0 : 12316, 1, 2023/08/16, 18:47:40.138, 5349854293052, vstest.console.dll, AssemblyResolver.OnResolve: Microsoft.Bcl.AsyncInterfaces: Resolving assembly.
TpTrace Information: 0 : 12316, 1, 2023/08/16, 18:47:40.138, 5349854293241, vstest.console.dll, AssemblyResolver.OnResolve: Microsoft.Bcl.AsyncInterfaces: Resolved from cache.
TpTrace Verbose: 0 : 12316, 1, 2023/08/16, 18:47:40.138, 5349854293445, vstest.console.dll, CurrentDomainAssemblyResolve: Resolving assembly 'Microsoft.Bcl.AsyncInterfaces'.
TpTrace Verbose: 0 : 12316, 1, 2023/08/16, 18:47:40.138, 5349854293621, vstest.console.dll, CurrentDomainAssemblyResolve: Failed to resolve assembly 'Microsoft.Bcl.AsyncInterfaces'.
TpTrace Verbose: 0 : 12316, 1, 2023/08/16, 18:47:40.138, 5349854294933, vstest.console.dll, CurrentDomainAssemblyResolve: Failed to resolve assembly 'Microsoft.Bcl.AsyncInterfaces'.
TpTrace Warning: 0 : 12316, 1, 2023/08/16, 18:47:40.138, 5349854297530, vstest.console.dll, TestPluginDiscoverer: Failed to get types from assembly 'Microsoft.Diagnostics.NETCore.Client, Version=0.2.6.42401, Culture=neutral, PublicKeyToken=31bf3856ad364e35'. Error: System.Reflection.ReflectionTypeLoadException: Unable to load one or more of the requested types.
Could not load file or assembly 'Microsoft.Bcl.AsyncInterfaces, Version=1.0.0.0, Culture=neutral, PublicKeyToken=cc7b13ffcd2ddd51'. The system cannot find the file specified.
   at System.Reflection.RuntimeModule.GetTypes(RuntimeModule module)
   at System.Reflection.Assembly.GetTypes()
   at Microsoft.VisualStudio.TestPlatform.Common.ExtensionFramework.TestPluginDiscoverer.GetTestExtensionsFromAssembly[TPluginInfo,TExtension](Assembly assembly, Dictionary`2 pluginInfos, String filePath)
System.IO.FileNotFoundException: Could not load file or assembly 'Microsoft.Bcl.AsyncInterfaces, Version=1.0.0.0, Culture=neutral, PublicKeyToken=cc7b13ffcd2ddd51'. The system cannot find the file specified.
File name: 'Microsoft.Bcl.AsyncInterfaces, Version=1.0.0.0, Culture=neutral, PublicKeyToken=cc7b13ffcd2ddd51'
 ---> System.IO.FileNotFoundException: Could not load file or assembly 'Microsoft.Bcl.AsyncInterfaces, Culture=neutral, PublicKeyToken=null'. The system cannot find the file specified.
File name: 'Microsoft.Bcl.AsyncInterfaces, Culture=neutral, PublicKeyToken=null'
   at System.Reflection.RuntimeAssembly.InternalLoad(AssemblyName assemblyName, StackCrawlMark& stackMark, AssemblyLoadContext assemblyLoadContext, RuntimeAssembly requestingAssembly, Boolean throwOnFileNotFound)
   at System.Reflection.Assembly.Load(AssemblyName assemblyRef)
   at Microsoft.VisualStudio.TestPlatform.Common.ExtensionFramework.TestPluginCache.CurrentDomainAssemblyResolve(Object sender, AssemblyResolveEventArgs args)
   at System.Runtime.Loader.AssemblyLoadContext.GetFirstResolvedAssemblyFromResolvingEvent(AssemblyName assemblyName)
   at System.Runtime.Loader.AssemblyLoadContext.ResolveUsingEvent(AssemblyName assemblyName)
   at System.Runtime.Loader.AssemblyLoadContext.ResolveUsingResolvingEvent(IntPtr gchManagedAssemblyLoadContext, AssemblyName assemblyName)
TpTrace Warning: 0 : 12316, 1, 2023/08/16, 18:47:40.139, 5349854299221, vstest.console.dll, LoaderExceptions: System.IO.FileNotFoundException: Could not load file or assembly 'Microsoft.Bcl.AsyncInterfaces, Version=1.0.0.0, Culture=neutral, PublicKeyToken=cc7b13ffcd2ddd51'. The system cannot find the file specified.
File name: 'Microsoft.Bcl.AsyncInterfaces, Version=1.0.0.0, Culture=neutral, PublicKeyToken=cc7b13ffcd2ddd51'
 ---> System.IO.FileNotFoundException: Could not load file or assembly 'Microsoft.Bcl.AsyncInterfaces, Culture=neutral, PublicKeyToken=null'. The system cannot find the file specified.
File name: 'Microsoft.Bcl.AsyncInterfaces, Culture=neutral, PublicKeyToken=null'
   at System.Reflection.RuntimeAssembly.InternalLoad(AssemblyName assemblyName, StackCrawlMark& stackMark, AssemblyLoadContext assemblyLoadContext, RuntimeAssembly requestingAssembly, Boolean throwOnFileNotFound)
   at System.Reflection.Assembly.Load(AssemblyName assemblyRef)
   at Microsoft.VisualStudio.TestPlatform.Common.ExtensionFramework.TestPluginCache.CurrentDomainAssemblyResolve(Object sender, AssemblyResolveEventArgs args)
   at System.Runtime.Loader.AssemblyLoadContext.GetFirstResolvedAssemblyFromResolvingEvent(AssemblyName assemblyName)
   at System.Runtime.Loader.AssemblyLoadContext.ResolveUsingEvent(AssemblyName assemblyName)
   at System.Runtime.Loader.AssemblyLoadContext.ResolveUsingResolvingEvent(IntPtr gchManagedAssemblyLoadContext, AssemblyName assemblyName)
TpTrace Verbose: 0 : 12316, 1, 2023/08/16, 18:47:40.139, 5349854299902, vstest.console.dll, MetadataReaderExtensionsHelper: Discovering extensions inside assembly 'Microsoft.TestPlatform.Extensions.BlameDataCollector, Version=15.0.0.0, Culture=neutral, PublicKeyToken=b03f5f7f11d50a3a' file path 'C:\Program Files\dotnet\sdk\7.0.304\Extensions\Microsoft.TestPlatform.Extensions.BlameDataCollector.dll'
TpTrace Information: 0 : 12316, 1, 2023/08/16, 18:47:40.139, 5349854303742, vstest.console.dll, GetTestExtensionFromType: Register extension with identifier data 'logger://Microsoft/TestPlatform/Extensions/Blame/v1' and type 'Microsoft.TestPlatform.Extensions.BlameDataCollector.BlameLogger, Microsoft.TestPlatform.Extensions.BlameDataCollector, Version=15.0.0.0, Culture=neutral, PublicKeyToken=b03f5f7f11d50a3a' inside file 'C:\Program Files\dotnet\sdk\7.0.304\Extensions\Microsoft.TestPlatform.Extensions.BlameDataCollector.dll'
TpTrace Verbose: 0 : 12316, 1, 2023/08/16, 18:47:40.139, 5349854304779, vstest.console.dll, MetadataReaderExtensionsHelper: Discovering extensions inside assembly 'Microsoft.TestPlatform.Extensions.EventLogCollector, Version=15.0.0.0, Culture=neutral, PublicKeyToken=b03f5f7f11d50a3a' file path 'C:\Program Files\dotnet\sdk\7.0.304\Extensions\Microsoft.TestPlatform.Extensions.EventLogCollector.dll'
TpTrace Verbose: 0 : 12316, 1, 2023/08/16, 18:47:40.139, 5349854306976, vstest.console.dll, MetadataReaderExtensionsHelper: Discovering extensions inside assembly 'Microsoft.TestPlatform.TestHostRuntimeProvider, Version=15.0.0.0, Culture=neutral, PublicKeyToken=b03f5f7f11d50a3a' file path 'C:\Program Files\dotnet\sdk\7.0.304\Extensions\Microsoft.TestPlatform.TestHostRuntimeProvider.dll'
TpTrace Verbose: 0 : 12316, 1, 2023/08/16, 18:47:40.140, 5349854308988, vstest.console.dll, MetadataReaderExtensionsHelper: Discovering extensions inside assembly 'Microsoft.VisualStudio.TestPlatform.Extensions.Html.TestLogger, Version=15.0.0.0, Culture=neutral, PublicKeyToken=b03f5f7f11d50a3a' file path 'C:\Program Files\dotnet\sdk\7.0.304\Extensions\Microsoft.VisualStudio.TestPlatform.Extensions.Html.TestLogger.dll'
TpTrace Information: 0 : 12316, 1, 2023/08/16, 18:47:40.140, 5349854313287, vstest.console.dll, GetTestExtensionFromType: Register extension with identifier data 'logger://Microsoft/TestPlatform/HtmlLogger/v1' and type 'Microsoft.VisualStudio.TestPlatform.Extensions.HtmlLogger.HtmlLogger, Microsoft.VisualStudio.TestPlatform.Extensions.Html.TestLogger, Version=15.0.0.0, Culture=neutral, PublicKeyToken=b03f5f7f11d50a3a' inside file 'C:\Program Files\dotnet\sdk\7.0.304\Extensions\Microsoft.VisualStudio.TestPlatform.Extensions.Html.TestLogger.dll'
TpTrace Verbose: 0 : 12316, 1, 2023/08/16, 18:47:40.140, 5349854314049, vstest.console.dll, MetadataReaderExtensionsHelper: Discovering extensions inside assembly 'Microsoft.VisualStudio.TestPlatform.Extensions.Trx.TestLogger, Version=15.0.0.0, Culture=neutral, PublicKeyToken=b03f5f7f11d50a3a' file path 'C:\Program Files\dotnet\sdk\7.0.304\Extensions\Microsoft.VisualStudio.TestPlatform.Extensions.Trx.TestLogger.dll'
TpTrace Information: 0 : 12316, 1, 2023/08/16, 18:47:40.140, 5349854317396, vstest.console.dll, GetTestExtensionFromType: Register extension with identifier data 'logger://Microsoft/TestPlatform/TrxLogger/v1' and type 'Microsoft.VisualStudio.TestPlatform.Extensions.TrxLogger.TrxLogger, Microsoft.VisualStudio.TestPlatform.Extensions.Trx.TestLogger, Version=15.0.0.0, Culture=neutral, PublicKeyToken=b03f5f7f11d50a3a' inside file 'C:\Program Files\dotnet\sdk\7.0.304\Extensions\Microsoft.VisualStudio.TestPlatform.Extensions.Trx.TestLogger.dll'
TpTrace Verbose: 0 : 12316, 1, 2023/08/16, 18:47:40.140, 5349854318195, vstest.console.dll, TestPluginCache: Discovered the extensions using extension path ''.
TpTrace Verbose: 0 : 12316, 1, 2023/08/16, 18:47:40.140, 5349854318457, vstest.console.dll, TestPluginCache: Discoverers are ''.
TpTrace Verbose: 0 : 12316, 1, 2023/08/16, 18:47:40.141, 5349854318625, vstest.console.dll, TestPluginCache: Executors are ''.
TpTrace Verbose: 0 : 12316, 1, 2023/08/16, 18:47:40.141, 5349854318787, vstest.console.dll, TestPluginCache: Executors2 are ''.
TpTrace Verbose: 0 : 12316, 1, 2023/08/16, 18:47:40.141, 5349854318943, vstest.console.dll, TestPluginCache: Setting providers are ''.
TpTrace Verbose: 0 : 12316, 1, 2023/08/16, 18:47:40.141, 5349854319445, vstest.console.dll, TestPluginCache: Loggers are 'logger://Microsoft/TestPlatform/Extensions/Blame/v1,logger://Microsoft/TestPlatform/HtmlLogger/v1,logger://Microsoft/TestPlatform/TrxLogger/v1'.
TpTrace Verbose: 0 : 12316, 1, 2023/08/16, 18:47:40.141, 5349854319739, vstest.console.dll, TestPluginCache: TestHosts are 'HostProvider://DefaultTestHost,HostProvider://DotnetTestHost'.
TpTrace Verbose: 0 : 12316, 1, 2023/08/16, 18:47:40.141, 5349854320531, vstest.console.dll, TestPluginCache: DataCollectors are ''.
TpTrace Information: 0 : 12316, 1, 2023/08/16, 18:47:40.141, 5349854327977, vstest.console.dll, TestPluginManager.CreateTestExtension: Attempting to load test extension: Microsoft.TestPlatform.Extensions.BlameDataCollector.BlameLogger
TpTrace Verbose: 0 : 12316, 1, 2023/08/16, 18:47:40.147, 5349854387482, vstest.console.dll, TestEngine: Initializing Parallel Execution as MaxCpuCount is set to: 1
TpTrace Information: 0 : 12316, 1, 2023/08/16, 18:47:40.150, 5349854415562, vstest.console.dll, TestPluginManager.CreateTestExtension: Attempting to load test extension: Microsoft.VisualStudio.TestPlatform.CrossPlatEngine.Hosting.DefaultTestHostManager
TpTrace Information: 0 : 12316, 1, 2023/08/16, 18:47:40.151, 5349854423080, vstest.console.dll, TestPluginManager.CreateTestExtension: Attempting to load test extension: Microsoft.VisualStudio.TestPlatform.CrossPlatEngine.Hosting.DotnetTestHostManager
TpTrace Information: 0 : 12316, 1, 2023/08/16, 18:47:40.151, 5349854428036, vstest.console.dll, InferRunSettingsHelper.IsTestSettingsEnabled: Unable to navigate to RunSettings/MSTest. Current node: RunSettings
TpTrace Verbose: 0 : 12316, 1, 2023/08/16, 18:47:40.155, 5349854459528, vstest.console.dll, TestEngine.GetExecutionManager: Chosen execution manager 'Microsoft.VisualStudio.TestPlatform.CrossPlatEngine.Client.Parallel.ParallelProxyExecutionManager, Microsoft.TestPlatform.CrossPlatEngine, Version=15.0.0.0, Culture=neutral, PublicKeyToken=b03f5f7f11d50a3a' ParallelLevel '1'.
TpTrace Verbose: 0 : 12316, 1, 2023/08/16, 18:47:40.155, 5349854461010, vstest.console.dll, TestRunRequest.ExecuteAsync: Creating test run request.
TpTrace Verbose: 0 : 12316, 1, 2023/08/16, 18:47:40.155, 5349854462957, vstest.console.dll, TestRunRequest.ExecuteAsync: Starting.
TpTrace Information: 0 : 12316, 1, 2023/08/16, 18:47:40.155, 5349854465039, vstest.console.dll, TestRunRequest.ExecuteAsync: Starting run with settings:TestRunCriteria:
   KeepAlive=False,FrequencyOfRunStatsChangeEvent=10,RunStatsChangeEventTimeout=00:00:01.5000000,TestCaseFilter=,TestExecutorLauncher=
   Settingsxml=<RunSettings>
  <RunConfiguration>
    <ResultsDirectory>C:\Users\Lenovo\source\repos\SimpleHotelWebsite-new 04.08\Tests\MyHotelWebsite.Services.Data.Tests\bin\Debug\net6.0\fine-code-coverage\coverage-tool-output</ResultsDirectory>
    <TargetPlatform>X64</TargetPlatform>
    <TargetFrameworkVersion>.NETCoreApp,Version=v6.0</TargetFrameworkVersion>
    <DesignMode>False</DesignMode>
    <CollectSourceInformation>False</CollectSourceInformation>
  </RunConfiguration>
  <LoggerRunSettings>
    <Loggers>
      <Logger friendlyName="blame" enabled="True" />
      <Logger friendlyName="Console" uri="logger://microsoft/TestPlatform/ConsoleLogger/v1" assemblyQualifiedName="Microsoft.VisualStudio.TestPlatform.CommandLine.Internal.ConsoleLogger, vstest.console, Version=15.0.0.0, Culture=neutral, PublicKeyToken=b03f5f7f11d50a3a" codeBase="C:\Program Files\dotnet\sdk\7.0.304\vstest.console.dll" enabled="True" />
    </Loggers>
  </LoggerRunSettings>
  <DataCollectionRunSettings>
    <DataCollectors>
      <DataCollector friendlyName="blame" enabled="True">
        <Configuration>
          <ResultsDirectory>C:\Users\Lenovo\source\repos\SimpleHotelWebsite-new 04.08\Tests\MyHotelWebsite.Services.Data.Tests\bin\Debug\net6.0\fine-code-coverage\coverage-tool-output</ResultsDirectory>
        </Configuration>
      </DataCollector>
    </DataCollectors>
  </DataCollectionRunSettings>
</RunSettings>

TpTrace Verbose: 0 : 12316, 1, 2023/08/16, 18:47:40.155, 5349854465396, vstest.console.dll, TestRunRequest.ExecuteAsync: Wait for the first run request is over.
TpTrace Verbose: 0 : 12316, 1, 2023/08/16, 18:47:40.155, 5349854467483, vstest.console.dll, MulticastDelegateUtilities.SafeInvoke: TestRun.TestRunStart: Invoking callbacks was skipped because there are no subscribers.
TpTrace Verbose: 0 : 12316, 4, 2023/08/16, 18:47:40.156, 5349854471995, vstest.console.dll, MulticastDelegateUtilities.SafeInvoke: InternalTestLoggerEvents.SendTestRunStart: Invoking callback 1/1 for Microsoft.VisualStudio.TestPlatform.CommandLine.Internal.ConsoleLogger., took 0 ms.
TpTrace Verbose: 0 : 12316, 1, 2023/08/16, 18:47:40.156, 5349854477525, vstest.console.dll, ParallelProxyExecutionManager: Start execution. Total sources: 1
TpTrace Verbose: 0 : 12316, 1, 2023/08/16, 18:47:40.158, 5349854491711, vstest.console.dll, TestRequestSender is acting as server.
TpTrace Verbose: 0 : 12316, 1, 2023/08/16, 18:47:40.160, 5349854509310, vstest.console.dll, ParallelOperationManager.RunWorkInParallel: Started work on a host.
TpTrace Verbose: 0 : 12316, 1, 2023/08/16, 18:47:40.161, 5349854518893, vstest.console.dll, ProxyParallelExecutionManager: No sources available for execution.
TpTrace Information: 0 : 12316, 1, 2023/08/16, 18:47:40.161, 5349854519569, vstest.console.dll, TestRunRequest.ExecuteAsync: Started.
TpTrace Verbose: 0 : 12316, 1, 2023/08/16, 18:47:40.161, 5349854520132, vstest.console.dll, TestRunRequest.WaitForCompletion: Waiting with timeout -1.
TpTrace Verbose: 0 : 12316, 5, 2023/08/16, 18:47:40.161, 5349854523019, vstest.console.dll, DataCollectionRequestSender.InitializeCommunication : Initialize communication. 
TpTrace Information: 0 : 12316, 5, 2023/08/16, 18:47:40.164, 5349854557118, vstest.console.dll, Listening on Endpoint : 127.0.0.1:13223
TpTrace Verbose: 0 : 12316, 5, 2023/08/16, 18:47:40.170, 5349854608982, vstest.console.dll, DotnetDataCollectionLauncher: Adding  --runtimeconfig "C:\Program Files\dotnet\sdk\7.0.304\datacollector.runtimeconfig.json" in args
TpTrace Verbose: 0 : 12316, 5, 2023/08/16, 18:47:40.170, 5349854610133, vstest.console.dll, DotnetDataCollectionLauncher: Adding  --depsfile "C:\Program Files\dotnet\sdk\7.0.304\datacollector.deps.json" in args
TpTrace Verbose: 0 : 12316, 5, 2023/08/16, 18:47:40.170, 5349854611423, vstest.console.dll, DotnetDataCollectionLauncher: Full path of dotnet.exe is C:\Program Files\dotnet\dotnet.exe
TpTrace Information: 0 : 12316, 5, 2023/08/16, 18:47:40.187, 5349854778690, vstest.console.dll, ProxyDataCollectionManager.Initialize: Launched datacollector processId: 23840 port: 13223
TpTrace Information: 0 : 12316, 5, 2023/08/16, 18:47:40.187, 5349854779891, vstest.console.dll, ProxyDataCollectionManager.Initialize: waiting for connection with timeout: 90 seconds
TpTrace Verbose: 0 : 12316, 5, 2023/08/16, 18:47:40.187, 5349854780226, vstest.console.dll, DataCollectionRequestSender.WaitForRequestHandlerConnection : Waiting for connection with timeout: 90000
TpTrace Information: 0 : 12316, 7, 2023/08/16, 18:47:40.314, 5349856055861, vstest.console.dll, Using the buffer size of 16384 bytes
TpTrace Information: 0 : 12316, 7, 2023/08/16, 18:47:40.314, 5349856057051, vstest.console.dll, Accepted Client request and set the flag
TpTrace Verbose: 0 : 12316, 5, 2023/08/16, 18:47:40.314, 5349856056436, vstest.console.dll, SocketCommunicationManager.WaitForClientConnection took: 127 ms, with 90000 ms timeout, and finished with True.
TpTrace Verbose: 0 : 12316, 5, 2023/08/16, 18:47:40.315, 5349856058616, vstest.console.dll, ProxyDataCollectionManager.InvokeDataCollectionServiceAction: Starting.
TpTrace Information: 0 : 12316, 5, 2023/08/16, 18:47:40.315, 5349856059554, vstest.console.dll, ProxyDataCollectionManager.BeforeTestRunStart: Get environment variable and port for datacollector processId: 23840 port: 13223
TpTrace Verbose: 0 : 12316, 5, 2023/08/16, 18:47:40.315, 5349856060648, vstest.console.dll, DataCollectionRequestSender.SendBeforeTestRunStartAndGetResult: Send BeforeTestRunStart message with settingsXml <RunSettings><RunConfiguration><ResultsDirectory>C:\Users\Lenovo\source\repos\SimpleHotelWebsite-new 04.08\Tests\MyHotelWebsite.Services.Data.Tests\bin\Debug\net6.0\fine-code-coverage\coverage-tool-output</ResultsDirectory><TargetPlatform>X64</TargetPlatform><TargetFrameworkVersion>.NETCoreApp,Version=v6.0</TargetFrameworkVersion><DesignMode>False</DesignMode><CollectSourceInformation>False</CollectSourceInformation><TestAdaptersPaths>C:\Program Files\dotnet\sdk\7.0.304\Extensions</TestAdaptersPaths></RunConfiguration><LoggerRunSettings><Loggers><Logger friendlyName="blame" enabled="True" /><Logger friendlyName="Console" uri="logger://microsoft/TestPlatform/ConsoleLogger/v1" assemblyQualifiedName="Microsoft.VisualStudio.TestPlatform.CommandLine.Internal.ConsoleLogger, vstest.console, Version=15.0.0.0, Culture=neutral, PublicKeyToken=b03f5f7f11d50a3a" codeBase="C:\Program Files\dotnet\sdk\7.0.304\vstest.console.dll" enabled="True" /></Loggers></LoggerRunSettings><DataCollectionRunSettings><DataCollectors><DataCollector friendlyName="blame" enabled="True"><Configuration><ResultsDirectory>C:\Users\Lenovo\source\repos\SimpleHotelWebsite-new 04.08\Tests\MyHotelWebsite.Services.Data.Tests\bin\Debug\net6.0\fine-code-coverage\coverage-tool-output</ResultsDirectory></Configuration></DataCollector></DataCollectors></DataCollectionRunSettings></RunSettings> and sources System.Collections.Generic.List`1[System.String]: 
TpTrace Verbose: 0 : 12316, 5, 2023/08/16, 18:47:40.376, 5349856670141, vstest.console.dll, DataCollectionRequestSender.SendBeforeTestRunStartAndGetResult: Received message: (DataCollection.SendMessage) -> {"MessageType":"DataCollection.SendMessage","Payload":{"FriendlyName":null,"Uri":null,"TestCaseId":"00000000-0000-0000-0000-000000000000","Message":"Logging DataCollector Diagnostics in file: C:\\Users\\Lenovo\\source\\repos\\SimpleHotelWebsite-new 04.08\\Tests\\MyHotelWebsite.Services.Data.Tests\\bin\\Debug\\net6.0\\fine-code-coverage\\coverage-tool-output\\diagnostics.datacollector.23-08-16_18-47-40_16981_5.log","Level":0}}
TpTrace Verbose: 0 : 12316, 5, 2023/08/16, 18:47:40.442, 5349857332088, vstest.console.dll, DataCollectionRequestSender.SendBeforeTestRunStartAndGetResult: Received message: (DataCollection.BeforeTestRunStartResult) -> {"MessageType":"DataCollection.BeforeTestRunStartResult","Payload":{"EnvironmentVariables":{},"DataCollectionEventsPort":13227}}
TpTrace Information: 0 : 12316, 5, 2023/08/16, 18:47:40.446, 5349857375636, vstest.console.dll, ProxyDataCollectionManager.BeforeTestRunStart: SendBeforeTestRunStartAndGetResult successful, env variable from datacollector:   and testhost port: 13227
TpTrace Information: 0 : 12316, 5, 2023/08/16, 18:47:40.446, 5349857376795, vstest.console.dll, ProxyDataCollectionManager.InvokeDataCollectionServiceAction: Completed.
TpTrace Verbose: 0 : 12316, 5, 2023/08/16, 18:47:40.446, 5349857377557, vstest.console.dll, ProxyExecutionManager: Test host is always Lazy initialize.
TpTrace Verbose: 0 : 12316, 5, 2023/08/16, 18:47:40.447, 5349857379825, vstest.console.dll, TestRequestSender.InitializeCommunication: initialize communication. 
TpTrace Information: 0 : 12316, 5, 2023/08/16, 18:47:40.447, 5349857386540, vstest.console.dll, SocketServer.Start: Listening on endpoint : 127.0.0.1:13228
TpTrace Verbose: 0 : 12316, 5, 2023/08/16, 18:47:40.448, 5349857397609, vstest.console.dll, DotnetTestHostmanager.GetTestHostProcessStartInfo: Platform environment 'X64' target architecture 'X64' framework '.NETCoreApp,Version=v6.0' OS 'Windows'
TpTrace Verbose: 0 : 12316, 5, 2023/08/16, 18:47:40.449, 5349857400434, vstest.console.dll, DotnetTestHostmanager: Adding  --runtimeconfig "C:\Users\Lenovo\source\repos\SimpleHotelWebsite-new 04.08\Tests\MyHotelWebsite.Services.Data.Tests\bin\Debug\net6.0\fine-code-coverage\build-output\MyHotelWebsite.Services.Data.Tests.runtimeconfig.json" in args
TpTrace Verbose: 0 : 12316, 5, 2023/08/16, 18:47:40.449, 5349857401613, vstest.console.dll, DotnetTestHostmanager: Adding  --depsfile "C:\Users\Lenovo\source\repos\SimpleHotelWebsite-new 04.08\Tests\MyHotelWebsite.Services.Data.Tests\bin\Debug\net6.0\fine-code-coverage\build-output\MyHotelWebsite.Services.Data.Tests.deps.json" in args
TpTrace Verbose: 0 : 12316, 5, 2023/08/16, 18:47:40.449, 5349857403246, vstest.console.dll, DotnetTestHostmanager.IsWinOnArm: Current PROCESSOR_ARCHITECTURE from environment variable 'AMD64'
TpTrace Verbose: 0 : 12316, 5, 2023/08/16, 18:47:40.449, 5349857403923, vstest.console.dll, DotnetTestHostmanager.IsWinOnArm: Is Windows on ARM 'False'
TpTrace Verbose: 0 : 12316, 5, 2023/08/16, 18:47:40.449, 5349857404984, vstest.console.dll, DotnetTestHostManager: testhost.exe found at path: C:\Users\Lenovo\source\repos\SimpleHotelWebsite-new 04.08\Tests\MyHotelWebsite.Services.Data.Tests\bin\Debug\net6.0\fine-code-coverage\build-output\testhost.exe
TpTrace Verbose: 0 : 12316, 5, 2023/08/16, 18:47:40.449, 5349857405329, vstest.console.dll, DotnetTestHostmanager: Full path of host exe is C:\Users\Lenovo\source\repos\SimpleHotelWebsite-new 04.08\Tests\MyHotelWebsite.Services.Data.Tests\bin\Debug\net6.0\fine-code-coverage\build-output\testhost.exe
TpTrace Verbose: 0 : 12316, 5, 2023/08/16, 18:47:40.449, 5349857406575, vstest.console.dll, DotnetTestHostmanager.LaunchTestHostAsync: Found 'VSTEST_WINAPPHOST_DOTNET_ROOT' in env variables, value 'C:\Program Files\dotnet', forwarding to 'DOTNET_ROOT'
TpTrace Verbose: 0 : 12316, 5, 2023/08/16, 18:47:40.449, 5349857408208, vstest.console.dll, DotnetTestHostManager: Starting process 'C:\Users\Lenovo\source\repos\SimpleHotelWebsite-new 04.08\Tests\MyHotelWebsite.Services.Data.Tests\bin\Debug\net6.0\fine-code-coverage\build-output\testhost.exe' with command line ' --runtimeconfig "C:\Users\Lenovo\source\repos\SimpleHotelWebsite-new 04.08\Tests\MyHotelWebsite.Services.Data.Tests\bin\Debug\net6.0\fine-code-coverage\build-output\MyHotelWebsite.Services.Data.Tests.runtimeconfig.json" --depsfile "C:\Users\Lenovo\source\repos\SimpleHotelWebsite-new 04.08\Tests\MyHotelWebsite.Services.Data.Tests\bin\Debug\net6.0\fine-code-coverage\build-output\MyHotelWebsite.Services.Data.Tests.deps.json" --port 13228 --endpoint 127.0.0.1:013228 --role client --parentprocessid 12316 --diag "C:\Users\Lenovo\source\repos\SimpleHotelWebsite-new 04.08\Tests\MyHotelWebsite.Services.Data.Tests\bin\Debug\net6.0\fine-code-coverage\coverage-tool-output\diagnostics.host.23-08-16_18-47-40_44847_5.log" --tracelevel 4 --datacollectionport 13227 --telemetryoptedin false'
TpTrace Verbose: 0 : 12316, 5, 2023/08/16, 18:47:40.455, 5349857467760, vstest.console.dll, MulticastDelegateUtilities.SafeInvoke: HostProviderEvents.OnHostLaunched: Invoking callback 1/2 for Microsoft.VisualStudio.TestPlatform.CrossPlatEngine.Client.ProxyExecutionManagerWithDataCollection., took 1 ms.
TpTrace Verbose: 0 : 12316, 5, 2023/08/16, 18:47:40.456, 5349857470688, vstest.console.dll, Test Runtime launched
TpTrace Verbose: 0 : 12316, 5, 2023/08/16, 18:47:40.456, 5349857471285, vstest.console.dll, MulticastDelegateUtilities.SafeInvoke: HostProviderEvents.OnHostLaunched: Invoking callback 2/2 for Microsoft.VisualStudio.TestPlatform.CrossPlatEngine.Client.ProxyOperationManager., took 0 ms.
TpTrace Verbose: 0 : 12316, 5, 2023/08/16, 18:47:40.456, 5349857472815, vstest.console.dll, TestRequestSender.WaitForRequestHandlerConnection: waiting for connection with timeout: 90000.
TpTrace Verbose: 0 : 12316, 5, 2023/08/16, 18:47:40.592, 5349858831058, vstest.console.dll, TestRequestSender.WaitForRequestHandlerConnection: waiting took 135 ms, with timeout 90000 ms, and result 0, which is success.
TpTrace Verbose: 0 : 12316, 7, 2023/08/16, 18:47:40.592, 5349858831058, vstest.console.dll, MulticastDelegateUtilities.SafeInvoke: SocketServer: ClientConnected: Invoking callback 1/1 for Microsoft.VisualStudio.TestPlatform.CommunicationUtilities.TestRequestSender., took 0 ms.
TpTrace Verbose: 0 : 12316, 7, 2023/08/16, 18:47:40.592, 5349858833158, vstest.console.dll, SocketServer.OnClientConnected: Client connected for endPoint: 127.0.0.1:13228, starting MessageLoopAsync:
TpTrace Verbose: 0 : 12316, 7, 2023/08/16, 18:47:40.592, 5349858835681, vstest.console.dll, TcpClientExtensions.MessageLoopAsync: Polling on remoteEndPoint: 127.0.0.1:13229 localEndPoint: 127.0.0.1:13228
TpTrace Verbose: 0 : 12316, 5, 2023/08/16, 18:47:40.593, 5349858839764, vstest.console.dll, TestRequestSender.CheckVersionWithTestHost: Sending check version message: {"MessageType":"ProtocolVersion","Payload":7}
TpTrace Verbose: 0 : 12316, 7, 2023/08/16, 18:47:40.698, 5349859896242, vstest.console.dll, TcpClientExtensions.MessageLoopAsync: NotifyDataAvailable remoteEndPoint: 127.0.0.1:13229 localEndPoint: 127.0.0.1:13228
TpTrace Verbose: 0 : 12316, 7, 2023/08/16, 18:47:40.698, 5349859898251, vstest.console.dll, TestRequestSender.CheckVersionWithTestHost: onMessageReceived received message: (ProtocolVersion) -> {"MessageType":"ProtocolVersion","Payload":6}
TpTrace Verbose: 0 : 12316, 7, 2023/08/16, 18:47:40.699, 5349859903361, vstest.console.dll, MulticastDelegateUtilities.SafeInvoke: LengthPrefixCommunicationChannel: MessageReceived: Invoking callback 1/1 for Microsoft.VisualStudio.TestPlatform.CommunicationUtilities.TestRequestSender+<>c__DisplayClass29_0., took 0 ms.
TpTrace Verbose: 0 : 12316, 7, 2023/08/16, 18:47:40.699, 5349859903980, vstest.console.dll, TcpClientExtensions.MessageLoopAsync: Polling on remoteEndPoint: 127.0.0.1:13229 localEndPoint: 127.0.0.1:13228
TpTrace Verbose: 0 : 12316, 5, 2023/08/16, 18:47:40.699, 5349859904125, vstest.console.dll, TestPluginCache.GetExtensionPaths: Filtered extension paths: 
TpTrace Verbose: 0 : 12316, 5, 2023/08/16, 18:47:40.699, 5349859904642, vstest.console.dll, TestPluginCache.GetExtensionPaths: Added default extension paths: C:\Program Files\dotnet\sdk\7.0.304\Extensions\Microsoft.Diagnostics.NETCore.Client.dll
C:\Program Files\dotnet\sdk\7.0.304\Extensions\Microsoft.TestPlatform.Extensions.BlameDataCollector.dll
C:\Program Files\dotnet\sdk\7.0.304\Extensions\Microsoft.TestPlatform.Extensions.EventLogCollector.dll
C:\Program Files\dotnet\sdk\7.0.304\Extensions\Microsoft.TestPlatform.TestHostRuntimeProvider.dll
C:\Program Files\dotnet\sdk\7.0.304\Extensions\Microsoft.VisualStudio.TestPlatform.Extensions.Html.TestLogger.dll
C:\Program Files\dotnet\sdk\7.0.304\Extensions\Microsoft.VisualStudio.TestPlatform.Extensions.Trx.TestLogger.dll
TpTrace Verbose: 0 : 12316, 5, 2023/08/16, 18:47:40.699, 5349859904853, vstest.console.dll, TestPluginCache.GetExtensionPaths: Added unfilterableExtensionPaths: 
TpTrace Verbose: 0 : 12316, 5, 2023/08/16, 18:47:40.702, 5349859929935, vstest.console.dll, TestRequestSender.InitializeExecution: Sending initialize execution with message: {"Version":6,"MessageType":"TestExecution.Initialize","Payload":["C:\\Users\\Lenovo\\source\\repos\\SimpleHotelWebsite-new 04.08\\Tests\\MyHotelWebsite.Services.Data.Tests\\bin\\Debug\\net6.0\\fine-code-coverage\\build-output\\xunit.runner.visualstudio.dotnetcore.testadapter.dll"]}
TpTrace Verbose: 0 : 12316, 5, 2023/08/16, 18:47:40.702, 5349859933042, vstest.console.dll, ParallelProxyExecutionManager: Execution started. Started clients: 1
TpTrace Verbose: 0 : 12316, 5, 2023/08/16, 18:47:40.702, 5349859935877, vstest.console.dll, TestRunRequest:SendTestRunMessage: Starting.
TpTrace Verbose: 0 : 12316, 5, 2023/08/16, 18:47:40.702, 5349859937110, vstest.console.dll, MulticastDelegateUtilities.SafeInvoke: TestRun.LogMessages: Invoking callback 1/1 for Microsoft.VisualStudio.TestPlatform.CommandLine.TestRunResultAggregator., took 0 ms.
TpTrace Information: 0 : 12316, 5, 2023/08/16, 18:47:40.702, 5349859937376, vstest.console.dll, TestRunRequest:SendTestRunMessage: Completed.
TpTrace Warning: 0 : 12316, 5, 2023/08/16, 18:47:40.703, 5349859940175, vstest.console.dll, InferRunSettingsHelper.MakeRunsettingsCompatible: Removing the following settings: TargetPlatform from RunSettings file. To use those settings please move to latest version of Microsoft.NET.Test.Sdk
TpTrace Verbose: 0 : 12316, 4, 2023/08/16, 18:47:40.703, 5349859940646, vstest.console.dll, MulticastDelegateUtilities.SafeInvoke: InternalTestLoggerEvents.SendTestRunMessage: Invoking callback 1/1 for Microsoft.VisualStudio.TestPlatform.CommandLine.Internal.ConsoleLogger., took 0 ms.
TpTrace Verbose: 0 : 12316, 7, 2023/08/16, 18:47:40.705, 5349859968309, vstest.console.dll, TcpClientExtensions.MessageLoopAsync: NotifyDataAvailable remoteEndPoint: 127.0.0.1:13229 localEndPoint: 127.0.0.1:13228
TpTrace Verbose: 0 : 12316, 7, 2023/08/16, 18:47:40.706, 5349859973595, vstest.console.dll, TestRequestSender.OnExecutionMessageReceived: Received message: {"Version":6,"MessageType":"TestSession.Message","Payload":{"MessageLevel":0,"Message":"Logging TestHost Diagnostics in file: C:\\Users\\Lenovo\\source\\repos\\SimpleHotelWebsite-new 04.08\\Tests\\MyHotelWebsite.Services.Data.Tests\\bin\\Debug\\net6.0\\fine-code-coverage\\coverage-tool-output\\diagnostics.host.23-08-16_18-47-40_44847_5.log"}}
TpTrace Verbose: 0 : 12316, 7, 2023/08/16, 18:47:40.708, 5349859995621, vstest.console.dll, TestRunRequest:SendTestRunMessage: Starting.
TpTrace Verbose: 0 : 12316, 7, 2023/08/16, 18:47:40.708, 5349859997011, vstest.console.dll, MulticastDelegateUtilities.SafeInvoke: TestRun.LogMessages: Invoking callback 1/1 for Microsoft.VisualStudio.TestPlatform.CommandLine.TestRunResultAggregator., took 0 ms.
TpTrace Information: 0 : 12316, 7, 2023/08/16, 18:47:40.708, 5349859997296, vstest.console.dll, TestRunRequest:SendTestRunMessage: Completed.
TpTrace Verbose: 0 : 12316, 4, 2023/08/16, 18:47:40.708, 5349859997312, vstest.console.dll, MulticastDelegateUtilities.SafeInvoke: InternalTestLoggerEvents.SendTestRunMessage: Invoking callback 1/1 for Microsoft.VisualStudio.TestPlatform.CommandLine.Internal.ConsoleLogger., took 0 ms.
TpTrace Verbose: 0 : 12316, 7, 2023/08/16, 18:47:40.708, 5349859997622, vstest.console.dll, MulticastDelegateUtilities.SafeInvoke: LengthPrefixCommunicationChannel: MessageReceived: Invoking callback 1/1 for Microsoft.VisualStudio.TestPlatform.CommunicationUtilities.TestRequestSender+<>c__DisplayClass34_0., took 2 ms.
TpTrace Verbose: 0 : 12316, 7, 2023/08/16, 18:47:40.708, 5349859998416, vstest.console.dll, TcpClientExtensions.MessageLoopAsync: Polling on remoteEndPoint: 127.0.0.1:13229 localEndPoint: 127.0.0.1:13228
TpTrace Verbose: 0 : 12316, 5, 2023/08/16, 18:47:40.709, 5349859999093, vstest.console.dll, TestRequestSender.StartTestRun: Sending test run with message: {"Version":6,"MessageType":"TestExecution.StartWithSources","Payload":{"AdapterSourceMap":{"_none_":["C:\\Users\\Lenovo\\source\\repos\\SimpleHotelWebsite-new 04.08\\Tests\\MyHotelWebsite.Services.Data.Tests\\bin\\Debug\\net6.0\\fine-code-coverage\\build-output\\MyHotelWebsite.Services.Data.Tests.dll"]},"RunSettings":"<RunSettings>\r\n  <RunConfiguration>\r\n    <ResultsDirectory>C:\\Users\\Lenovo\\source\\repos\\SimpleHotelWebsite-new 04.08\\Tests\\MyHotelWebsite.Services.Data.Tests\\bin\\Debug\\net6.0\\fine-code-coverage\\coverage-tool-output</ResultsDirectory>\r\n    <TargetFrameworkVersion>.NETCoreApp,Version=v6.0</TargetFrameworkVersion>\r\n    <DesignMode>False</DesignMode>\r\n    <CollectSourceInformation>False</CollectSourceInformation>\r\n  </RunConfiguration>\r\n  <LoggerRunSettings>\r\n    <Loggers>\r\n      <Logger friendlyName=\"blame\" enabled=\"True\" />\r\n      <Logger friendlyName=\"Console\" uri=\"logger://microsoft/TestPlatform/ConsoleLogger/v1\" assemblyQualifiedName=\"Microsoft.VisualStudio.TestPlatform.CommandLine.Internal.ConsoleLogger, vstest.console, Version=15.0.0.0, Culture=neutral, PublicKeyToken=b03f5f7f11d50a3a\" codeBase=\"C:\\Program Files\\dotnet\\sdk\\7.0.304\\vstest.console.dll\" enabled=\"True\" />\r\n    </Loggers>\r\n  </LoggerRunSettings>\r\n  <DataCollectionRunSettings>\r\n    <DataCollectors>\r\n      <DataCollector friendlyName=\"blame\" enabled=\"True\">\r\n        <Configuration>\r\n          <ResultsDirectory>C:\\Users\\Lenovo\\source\\repos\\SimpleHotelWebsite-new 04.08\\Tests\\MyHotelWebsite.Services.Data.Tests\\bin\\Debug\\net6.0\\fine-code-coverage\\coverage-tool-output</ResultsDirectory>\r\n        </Configuration>\r\n      </DataCollector>\r\n    </DataCollectors>\r\n  </DataCollectionRunSettings>\r\n</RunSettings>","TestExecutionContext":{"FrequencyOfRunStatsChangeEvent":10,"RunStatsChangeEventTimeout":"00:00:01.5000000","InIsolation":false,"KeepAlive":false,"AreTestCaseLevelEventsRequired":false,"IsDebug":false,"TestCaseFilter":null,"FilterOptions":null},"Package":null}}
TpTrace Verbose: 0 : 12316, 7, 2023/08/16, 18:47:40.877, 5349861681343, vstest.console.dll, TcpClientExtensions.MessageLoopAsync: NotifyDataAvailable remoteEndPoint: 127.0.0.1:13229 localEndPoint: 127.0.0.1:13228
TpTrace Verbose: 0 : 12316, 7, 2023/08/16, 18:47:40.879, 5349861703430, vstest.console.dll, TestRequestSender.OnExecutionMessageReceived: Received message: {"Version":6,"MessageType":"TestSession.Message","Payload":{"MessageLevel":0,"Message":"[xUnit.net 00:00:00.00] xUnit.net VSTest Adapter v2.4.5+1caef2f33e (64-bit .NET 6.0.18)"}}
TpTrace Verbose: 0 : 12316, 7, 2023/08/16, 18:47:40.879, 5349861707279, vstest.console.dll, TestRunRequest:SendTestRunMessage: Starting.
TpTrace Verbose: 0 : 12316, 7, 2023/08/16, 18:47:40.879, 5349861708445, vstest.console.dll, MulticastDelegateUtilities.SafeInvoke: TestRun.LogMessages: Invoking callback 1/1 for Microsoft.VisualStudio.TestPlatform.CommandLine.TestRunResultAggregator., took 0 ms.
TpTrace Verbose: 0 : 12316, 4, 2023/08/16, 18:47:40.880, 5349861708632, vstest.console.dll, MulticastDelegateUtilities.SafeInvoke: InternalTestLoggerEvents.SendTestRunMessage: Invoking callback 1/1 for Microsoft.VisualStudio.TestPlatform.CommandLine.Internal.ConsoleLogger., took 0 ms.
TpTrace Information: 0 : 12316, 7, 2023/08/16, 18:47:40.880, 5349861709497, vstest.console.dll, TestRunRequest:SendTestRunMessage: Completed.
TpTrace Verbose: 0 : 12316, 7, 2023/08/16, 18:47:40.880, 5349861710454, vstest.console.dll, MulticastDelegateUtilities.SafeInvoke: LengthPrefixCommunicationChannel: MessageReceived: Invoking callback 1/1 for Microsoft.VisualStudio.TestPlatform.CommunicationUtilities.TestRequestSender+<>c__DisplayClass34_0., took 0 ms.
TpTrace Verbose: 0 : 12316, 7, 2023/08/16, 18:47:40.880, 5349861710756, vstest.console.dll, TcpClientExtensions.MessageLoopAsync: Polling on remoteEndPoint: 127.0.0.1:13229 localEndPoint: 127.0.0.1:13228
TpTrace Verbose: 0 : 12316, 7, 2023/08/16, 18:47:41.506, 5349867969687, vstest.console.dll, TcpClientExtensions.MessageLoopAsync: NotifyDataAvailable remoteEndPoint: 127.0.0.1:13229 localEndPoint: 127.0.0.1:13228
TpTrace Verbose: 0 : 12316, 7, 2023/08/16, 18:47:41.506, 5349867971951, vstest.console.dll, TestRequestSender.OnExecutionMessageReceived: Received message: {"Version":6,"MessageType":"TestSession.Message","Payload":{"MessageLevel":0,"Message":"[xUnit.net 00:00:00.63]   Discovering: MyHotelWebsite.Services.Data.Tests"}}
TpTrace Verbose: 0 : 12316, 7, 2023/08/16, 18:47:41.506, 5349867973477, vstest.console.dll, TestRunRequest:SendTestRunMessage: Starting.
TpTrace Verbose: 0 : 12316, 7, 2023/08/16, 18:47:41.506, 5349867974173, vstest.console.dll, MulticastDelegateUtilities.SafeInvoke: TestRun.LogMessages: Invoking callback 1/1 for Microsoft.VisualStudio.TestPlatform.CommandLine.TestRunResultAggregator., took 0 ms.
TpTrace Verbose: 0 : 12316, 4, 2023/08/16, 18:47:41.506, 5349867974414, vstest.console.dll, MulticastDelegateUtilities.SafeInvoke: InternalTestLoggerEvents.SendTestRunMessage: Invoking callback 1/1 for Microsoft.VisualStudio.TestPlatform.CommandLine.Internal.ConsoleLogger., took 0 ms.
TpTrace Information: 0 : 12316, 7, 2023/08/16, 18:47:41.506, 5349867975265, vstest.console.dll, TestRunRequest:SendTestRunMessage: Completed.
TpTrace Verbose: 0 : 12316, 7, 2023/08/16, 18:47:41.506, 5349867976185, vstest.console.dll, MulticastDelegateUtilities.SafeInvoke: LengthPrefixCommunicationChannel: MessageReceived: Invoking callback 1/1 for Microsoft.VisualStudio.TestPlatform.CommunicationUtilities.TestRequestSender+<>c__DisplayClass34_0., took 0 ms.
TpTrace Verbose: 0 : 12316, 7, 2023/08/16, 18:47:41.506, 5349867976763, vstest.console.dll, TcpClientExtensions.MessageLoopAsync: Polling on remoteEndPoint: 127.0.0.1:13229 localEndPoint: 127.0.0.1:13228
TpTrace Verbose: 0 : 12316, 7, 2023/08/16, 18:47:41.537, 5349868279143, vstest.console.dll, TcpClientExtensions.MessageLoopAsync: NotifyDataAvailable remoteEndPoint: 127.0.0.1:13229 localEndPoint: 127.0.0.1:13228
TpTrace Verbose: 0 : 12316, 7, 2023/08/16, 18:47:41.537, 5349868280991, vstest.console.dll, TestRequestSender.OnExecutionMessageReceived: Received message: {"Version":6,"MessageType":"TestSession.Message","Payload":{"MessageLevel":0,"Message":"[xUnit.net 00:00:00.66]   Discovered:  MyHotelWebsite.Services.Data.Tests"}}
TpTrace Verbose: 0 : 12316, 7, 2023/08/16, 18:47:41.537, 5349868282539, vstest.console.dll, TestRunRequest:SendTestRunMessage: Starting.
TpTrace Verbose: 0 : 12316, 7, 2023/08/16, 18:47:41.537, 5349868283264, vstest.console.dll, MulticastDelegateUtilities.SafeInvoke: TestRun.LogMessages: Invoking callback 1/1 for Microsoft.VisualStudio.TestPlatform.CommandLine.TestRunResultAggregator., took 0 ms.
TpTrace Verbose: 0 : 12316, 4, 2023/08/16, 18:47:41.537, 5349868283497, vstest.console.dll, MulticastDelegateUtilities.SafeInvoke: InternalTestLoggerEvents.SendTestRunMessage: Invoking callback 1/1 for Microsoft.VisualStudio.TestPlatform.CommandLine.Internal.ConsoleLogger., took 0 ms.
TpTrace Information: 0 : 12316, 7, 2023/08/16, 18:47:41.537, 5349868283679, vstest.console.dll, TestRunRequest:SendTestRunMessage: Completed.
TpTrace Verbose: 0 : 12316, 7, 2023/08/16, 18:47:41.537, 5349868285012, vstest.console.dll, MulticastDelegateUtilities.SafeInvoke: LengthPrefixCommunicationChannel: MessageReceived: Invoking callback 1/1 for Microsoft.VisualStudio.TestPlatform.CommunicationUtilities.TestRequestSender+<>c__DisplayClass34_0., took 0 ms.
TpTrace Verbose: 0 : 12316, 7, 2023/08/16, 18:47:41.537, 5349868285619, vstest.console.dll, TcpClientExtensions.MessageLoopAsync: Polling on remoteEndPoint: 127.0.0.1:13229 localEndPoint: 127.0.0.1:13228
TpTrace Verbose: 0 : 12316, 7, 2023/08/16, 18:47:41.538, 5349868296722, vstest.console.dll, TcpClientExtensions.MessageLoopAsync: NotifyDataAvailable remoteEndPoint: 127.0.0.1:13229 localEndPoint: 127.0.0.1:13228
TpTrace Verbose: 0 : 12316, 7, 2023/08/16, 18:47:41.538, 5349868298021, vstest.console.dll, TestRequestSender.OnExecutionMessageReceived: Received message: {"Version":6,"MessageType":"TestSession.Message","Payload":{"MessageLevel":0,"Message":"[xUnit.net 00:00:00.66]   Starting:    MyHotelWebsite.Services.Data.Tests"}}
TpTrace Verbose: 0 : 12316, 7, 2023/08/16, 18:47:41.539, 5349868299242, vstest.console.dll, TestRunRequest:SendTestRunMessage: Starting.
TpTrace Verbose: 0 : 12316, 7, 2023/08/16, 18:47:41.539, 5349868299877, vstest.console.dll, MulticastDelegateUtilities.SafeInvoke: TestRun.LogMessages: Invoking callback 1/1 for Microsoft.VisualStudio.TestPlatform.CommandLine.TestRunResultAggregator., took 0 ms.
TpTrace Verbose: 0 : 12316, 4, 2023/08/16, 18:47:41.539, 5349868300073, vstest.console.dll, MulticastDelegateUtilities.SafeInvoke: InternalTestLoggerEvents.SendTestRunMessage: Invoking callback 1/1 for Microsoft.VisualStudio.TestPlatform.CommandLine.Internal.ConsoleLogger., took 0 ms.
TpTrace Information: 0 : 12316, 7, 2023/08/16, 18:47:41.539, 5349868301115, vstest.console.dll, TestRunRequest:SendTestRunMessage: Completed.
TpTrace Verbose: 0 : 12316, 7, 2023/08/16, 18:47:41.539, 5349868301695, vstest.console.dll, MulticastDelegateUtilities.SafeInvoke: LengthPrefixCommunicationChannel: MessageReceived: Invoking callback 1/1 for Microsoft.VisualStudio.TestPlatform.CommunicationUtilities.TestRequestSender+<>c__DisplayClass34_0., took 0 ms.
TpTrace Verbose: 0 : 12316, 7, 2023/08/16, 18:47:41.539, 5349868301918, vstest.console.dll, TcpClientExtensions.MessageLoopAsync: Polling on remoteEndPoint: 127.0.0.1:13229 localEndPoint: 127.0.0.1:13228
TpTrace Verbose: 0 : 12316, 7, 2023/08/16, 18:47:41.684, 5349869753026, vstest.console.dll, TcpClientExtensions.MessageLoopAsync: NotifyDataAvailable remoteEndPoint: 127.0.0.1:13229 localEndPoint: 127.0.0.1:13228
TpTrace Verbose: 0 : 12316, 7, 2023/08/16, 18:47:41.684, 5349869755104, vstest.console.dll, TestRequestSender.OnExecutionMessageReceived: Received message: {"Version":6,"MessageType":"TestSession.Message","Payload":{"MessageLevel":2,"Message":"[xUnit.net 00:00:00.81]     MyHotelWebsite.Services.Data.Tests.BlogsServiceTests.DeleteBlogAsyncShouldWorkCorrectly [FAIL]"}}
TpTrace Verbose: 0 : 12316, 7, 2023/08/16, 18:47:41.684, 5349869756602, vstest.console.dll, TestRunRequest:SendTestRunMessage: Starting.
TpTrace Verbose: 0 : 12316, 7, 2023/08/16, 18:47:41.684, 5349869757325, vstest.console.dll, MulticastDelegateUtilities.SafeInvoke: TestRun.LogMessages: Invoking callback 1/1 for Microsoft.VisualStudio.TestPlatform.CommandLine.TestRunResultAggregator., took 0 ms.
TpTrace Information: 0 : 12316, 7, 2023/08/16, 18:47:41.684, 5349869757864, vstest.console.dll, TestRunRequest:SendTestRunMessage: Completed.
TpTrace Verbose: 0 : 12316, 7, 2023/08/16, 18:47:41.684, 5349869758395, vstest.console.dll, MulticastDelegateUtilities.SafeInvoke: LengthPrefixCommunicationChannel: MessageReceived: Invoking callback 1/1 for Microsoft.VisualStudio.TestPlatform.CommunicationUtilities.TestRequestSender+<>c__DisplayClass34_0., took 0 ms.
TpTrace Verbose: 0 : 12316, 7, 2023/08/16, 18:47:41.685, 5349869758902, vstest.console.dll, TcpClientExtensions.MessageLoopAsync: Polling on remoteEndPoint: 127.0.0.1:13229 localEndPoint: 127.0.0.1:13228
TpTrace Verbose: 0 : 12316, 4, 2023/08/16, 18:47:41.685, 5349869760071, vstest.console.dll, MulticastDelegateUtilities.SafeInvoke: InternalTestLoggerEvents.SendTestRunMessage: Invoking callback 1/1 for Microsoft.VisualStudio.TestPlatform.CommandLine.Internal.ConsoleLogger., took 0 ms.
TpTrace Verbose: 0 : 12316, 7, 2023/08/16, 18:47:41.685, 5349869762379, vstest.console.dll, TcpClientExtensions.MessageLoopAsync: NotifyDataAvailable remoteEndPoint: 127.0.0.1:13229 localEndPoint: 127.0.0.1:13228
TpTrace Verbose: 0 : 12316, 7, 2023/08/16, 18:47:41.685, 5349869763810, vstest.console.dll, TestRequestSender.OnExecutionMessageReceived: Received message: {"Version":6,"MessageType":"TestSession.Message","Payload":{"MessageLevel":0,"Message":"[xUnit.net 00:00:00.81]       System.InvalidOperationException : The provider for the source 'IQueryable' doesn't implement 'IAsyncQueryProvider'. Only providers that implement 'IAsyncQueryProvider' can be used for Entity Framework asynchronous operations."}}
TpTrace Verbose: 0 : 12316, 7, 2023/08/16, 18:47:41.685, 5349869765303, vstest.console.dll, TestRunRequest:SendTestRunMessage: Starting.
TpTrace Verbose: 0 : 12316, 7, 2023/08/16, 18:47:41.685, 5349869765989, vstest.console.dll, MulticastDelegateUtilities.SafeInvoke: TestRun.LogMessages: Invoking callback 1/1 for Microsoft.VisualStudio.TestPlatform.CommandLine.TestRunResultAggregator., took 0 ms.
TpTrace Information: 0 : 12316, 7, 2023/08/16, 18:47:41.685, 5349869766275, vstest.console.dll, TestRunRequest:SendTestRunMessage: Completed.
TpTrace Verbose: 0 : 12316, 4, 2023/08/16, 18:47:41.685, 5349869766416, vstest.console.dll, MulticastDelegateUtilities.SafeInvoke: InternalTestLoggerEvents.SendTestRunMessage: Invoking callback 1/1 for Microsoft.VisualStudio.TestPlatform.CommandLine.Internal.ConsoleLogger., took 0 ms.
TpTrace Verbose: 0 : 12316, 7, 2023/08/16, 18:47:41.685, 5349869766530, vstest.console.dll, MulticastDelegateUtilities.SafeInvoke: LengthPrefixCommunicationChannel: MessageReceived: Invoking callback 1/1 for Microsoft.VisualStudio.TestPlatform.CommunicationUtilities.TestRequestSender+<>c__DisplayClass34_0., took 0 ms.
TpTrace Verbose: 0 : 12316, 7, 2023/08/16, 18:47:41.685, 5349869767464, vstest.console.dll, TcpClientExtensions.MessageLoopAsync: Polling on remoteEndPoint: 127.0.0.1:13229 localEndPoint: 127.0.0.1:13228
TpTrace Verbose: 0 : 12316, 7, 2023/08/16, 18:47:41.686, 5349869770747, vstest.console.dll, TcpClientExtensions.MessageLoopAsync: NotifyDataAvailable remoteEndPoint: 127.0.0.1:13229 localEndPoint: 127.0.0.1:13228
TpTrace Verbose: 0 : 12316, 7, 2023/08/16, 18:47:41.686, 5349869771669, vstest.console.dll, TestRequestSender.OnExecutionMessageReceived: Received message: {"Version":6,"MessageType":"TestSession.Message","Payload":{"MessageLevel":0,"Message":"[xUnit.net 00:00:00.81]       Stack Trace:"}}
TpTrace Verbose: 0 : 12316, 7, 2023/08/16, 18:47:41.686, 5349869772636, vstest.console.dll, TestRunRequest:SendTestRunMessage: Starting.
TpTrace Verbose: 0 : 12316, 7, 2023/08/16, 18:47:41.686, 5349869772938, vstest.console.dll, MulticastDelegateUtilities.SafeInvoke: TestRun.LogMessages: Invoking callback 1/1 for Microsoft.VisualStudio.TestPlatform.CommandLine.TestRunResultAggregator., took 0 ms.
TpTrace Information: 0 : 12316, 7, 2023/08/16, 18:47:41.686, 5349869773163, vstest.console.dll, TestRunRequest:SendTestRunMessage: Completed.
TpTrace Verbose: 0 : 12316, 7, 2023/08/16, 18:47:41.686, 5349869773394, vstest.console.dll, MulticastDelegateUtilities.SafeInvoke: LengthPrefixCommunicationChannel: MessageReceived: Invoking callback 1/1 for Microsoft.VisualStudio.TestPlatform.CommunicationUtilities.TestRequestSender+<>c__DisplayClass34_0., took 0 ms.
TpTrace Verbose: 0 : 12316, 4, 2023/08/16, 18:47:41.686, 5349869773144, vstest.console.dll, MulticastDelegateUtilities.SafeInvoke: InternalTestLoggerEvents.SendTestRunMessage: Invoking callback 1/1 for Microsoft.VisualStudio.TestPlatform.CommandLine.Internal.ConsoleLogger., took 0 ms.
TpTrace Verbose: 0 : 12316, 7, 2023/08/16, 18:47:41.686, 5349869773625, vstest.console.dll, TcpClientExtensions.MessageLoopAsync: Polling on remoteEndPoint: 127.0.0.1:13229 localEndPoint: 127.0.0.1:13228
TpTrace Verbose: 0 : 12316, 7, 2023/08/16, 18:47:41.686, 5349869776574, vstest.console.dll, TcpClientExtensions.MessageLoopAsync: NotifyDataAvailable remoteEndPoint: 127.0.0.1:13229 localEndPoint: 127.0.0.1:13228
TpTrace Verbose: 0 : 12316, 7, 2023/08/16, 18:47:41.686, 5349869777261, vstest.console.dll, TestRequestSender.OnExecutionMessageReceived: Received message: {"Version":6,"MessageType":"TestSession.Message","Payload":{"MessageLevel":0,"Message":"[xUnit.net 00:00:00.81]            at Microsoft.EntityFrameworkCore.EntityFrameworkQueryableExtensions.ExecuteAsync[TSource,TResult](MethodInfo operatorMethodInfo, IQueryable`1 source, Expression expression, CancellationToken cancellationToken)"}}
TpTrace Verbose: 0 : 12316, 7, 2023/08/16, 18:47:41.686, 5349869777846, vstest.console.dll, TestRunRequest:SendTestRunMessage: Starting.
TpTrace Verbose: 0 : 12316, 7, 2023/08/16, 18:47:41.686, 5349869778301, vstest.console.dll, MulticastDelegateUtilities.SafeInvoke: TestRun.LogMessages: Invoking callback 1/1 for Microsoft.VisualStudio.TestPlatform.CommandLine.TestRunResultAggregator., took 0 ms.
TpTrace Verbose: 0 : 12316, 4, 2023/08/16, 18:47:41.686, 5349869778466, vstest.console.dll, MulticastDelegateUtilities.SafeInvoke: InternalTestLoggerEvents.SendTestRunMessage: Invoking callback 1/1 for Microsoft.VisualStudio.TestPlatform.CommandLine.Internal.ConsoleLogger., took 0 ms.
TpTrace Information: 0 : 12316, 7, 2023/08/16, 18:47:41.687, 5349869778530, vstest.console.dll, TestRunRequest:SendTestRunMessage: Completed.
TpTrace Verbose: 0 : 12316, 7, 2023/08/16, 18:47:41.687, 5349869779277, vstest.console.dll, MulticastDelegateUtilities.SafeInvoke: LengthPrefixCommunicationChannel: MessageReceived: Invoking callback 1/1 for Microsoft.VisualStudio.TestPlatform.CommunicationUtilities.TestRequestSender+<>c__DisplayClass34_0., took 0 ms.
TpTrace Verbose: 0 : 12316, 7, 2023/08/16, 18:47:41.687, 5349869779487, vstest.console.dll, TcpClientExtensions.MessageLoopAsync: Polling on remoteEndPoint: 127.0.0.1:13229 localEndPoint: 127.0.0.1:13228
TpTrace Verbose: 0 : 12316, 7, 2023/08/16, 18:47:41.687, 5349869779701, vstest.console.dll, TcpClientExtensions.MessageLoopAsync: NotifyDataAvailable remoteEndPoint: 127.0.0.1:13229 localEndPoint: 127.0.0.1:13228
TpTrace Verbose: 0 : 12316, 7, 2023/08/16, 18:47:41.687, 5349869780161, vstest.console.dll, TestRequestSender.OnExecutionMessageReceived: Received message: {"Version":6,"MessageType":"TestSession.Message","Payload":{"MessageLevel":0,"Message":"[xUnit.net 00:00:00.81]            at Microsoft.EntityFrameworkCore.EntityFrameworkQueryableExtensions.ExecuteAsync[TSource,TResult](MethodInfo operatorMethodInfo, IQueryable`1 source, LambdaExpression expression, CancellationToken cancellationToken)"}}
TpTrace Verbose: 0 : 12316, 7, 2023/08/16, 18:47:41.687, 5349869780691, vstest.console.dll, TestRunRequest:SendTestRunMessage: Starting.
TpTrace Verbose: 0 : 12316, 7, 2023/08/16, 18:47:41.687, 5349869780971, vstest.console.dll, MulticastDelegateUtilities.SafeInvoke: TestRun.LogMessages: Invoking callback 1/1 for Microsoft.VisualStudio.TestPlatform.CommandLine.TestRunResultAggregator., took 0 ms.
TpTrace Verbose: 0 : 12316, 4, 2023/08/16, 18:47:41.687, 5349869781172, vstest.console.dll, MulticastDelegateUtilities.SafeInvoke: InternalTestLoggerEvents.SendTestRunMessage: Invoking callback 1/1 for Microsoft.VisualStudio.TestPlatform.CommandLine.Internal.ConsoleLogger., took 0 ms.
TpTrace Information: 0 : 12316, 7, 2023/08/16, 18:47:41.687, 5349869781272, vstest.console.dll, TestRunRequest:SendTestRunMessage: Completed.
TpTrace Verbose: 0 : 12316, 7, 2023/08/16, 18:47:41.687, 5349869782199, vstest.console.dll, MulticastDelegateUtilities.SafeInvoke: LengthPrefixCommunicationChannel: MessageReceived: Invoking callback 1/1 for Microsoft.VisualStudio.TestPlatform.CommunicationUtilities.TestRequestSender+<>c__DisplayClass34_0., took 0 ms.
TpTrace Verbose: 0 : 12316, 7, 2023/08/16, 18:47:41.687, 5349869782411, vstest.console.dll, TcpClientExtensions.MessageLoopAsync: Polling on remoteEndPoint: 127.0.0.1:13229 localEndPoint: 127.0.0.1:13228
TpTrace Verbose: 0 : 12316, 7, 2023/08/16, 18:47:41.687, 5349869782622, vstest.console.dll, TcpClientExtensions.MessageLoopAsync: NotifyDataAvailable remoteEndPoint: 127.0.0.1:13229 localEndPoint: 127.0.0.1:13228
TpTrace Verbose: 0 : 12316, 7, 2023/08/16, 18:47:41.687, 5349869782992, vstest.console.dll, TestRequestSender.OnExecutionMessageReceived: Received message: {"Version":6,"MessageType":"TestSession.Message","Payload":{"MessageLevel":0,"Message":"[xUnit.net 00:00:00.81]            at Microsoft.EntityFrameworkCore.EntityFrameworkQueryableExtensions.FirstOrDefaultAsync[TSource](IQueryable`1 source, Expression`1 predicate, CancellationToken cancellationToken)"}}
TpTrace Verbose: 0 : 12316, 7, 2023/08/16, 18:47:41.687, 5349869783473, vstest.console.dll, TestRunRequest:SendTestRunMessage: Starting.
TpTrace Verbose: 0 : 12316, 7, 2023/08/16, 18:47:41.687, 5349869783754, vstest.console.dll, MulticastDelegateUtilities.SafeInvoke: TestRun.LogMessages: Invoking callback 1/1 for Microsoft.VisualStudio.TestPlatform.CommandLine.TestRunResultAggregator., took 0 ms.
TpTrace Information: 0 : 12316, 7, 2023/08/16, 18:47:41.687, 5349869783921, vstest.console.dll, TestRunRequest:SendTestRunMessage: Completed.
TpTrace Verbose: 0 : 12316, 4, 2023/08/16, 18:47:41.687, 5349869784017, vstest.console.dll, MulticastDelegateUtilities.SafeInvoke: InternalTestLoggerEvents.SendTestRunMessage: Invoking callback 1/1 for Microsoft.VisualStudio.TestPlatform.CommandLine.Internal.ConsoleLogger., took 0 ms.
TpTrace Verbose: 0 : 12316, 7, 2023/08/16, 18:47:41.687, 5349869784101, vstest.console.dll, MulticastDelegateUtilities.SafeInvoke: LengthPrefixCommunicationChannel: MessageReceived: Invoking callback 1/1 for Microsoft.VisualStudio.TestPlatform.CommunicationUtilities.TestRequestSender+<>c__DisplayClass34_0., took 0 ms.
TpTrace Verbose: 0 : 12316, 7, 2023/08/16, 18:47:41.687, 5349869784733, vstest.console.dll, TcpClientExtensions.MessageLoopAsync: Polling on remoteEndPoint: 127.0.0.1:13229 localEndPoint: 127.0.0.1:13228
TpTrace Verbose: 0 : 12316, 7, 2023/08/16, 18:47:41.687, 5349869784968, vstest.console.dll, TcpClientExtensions.MessageLoopAsync: NotifyDataAvailable remoteEndPoint: 127.0.0.1:13229 localEndPoint: 127.0.0.1:13228
TpTrace Verbose: 0 : 12316, 7, 2023/08/16, 18:47:41.687, 5349869785385, vstest.console.dll, TestRequestSender.OnExecutionMessageReceived: Received message: {"Version":6,"MessageType":"TestSession.Message","Payload":{"MessageLevel":0,"Message":"[xUnit.net 00:00:00.81]         C:\\Users\\Lenovo\\source\\repos\\SimpleHotelWebsite-new 04.08\\Services\\MyHotelWebsite.Services.Data\\BlogsService.cs(68,0): at MyHotelWebsite.Services.Data.BlogsService.DeleteBlogAsync(Int32 id)"}}
TpTrace Verbose: 0 : 12316, 7, 2023/08/16, 18:47:41.687, 5349869786118, vstest.console.dll, TestRunRequest:SendTestRunMessage: Starting.
TpTrace Verbose: 0 : 12316, 7, 2023/08/16, 18:47:41.687, 5349869786477, vstest.console.dll, MulticastDelegateUtilities.SafeInvoke: TestRun.LogMessages: Invoking callback 1/1 for Microsoft.VisualStudio.TestPlatform.CommandLine.TestRunResultAggregator., took 0 ms.
TpTrace Verbose: 0 : 12316, 4, 2023/08/16, 18:47:41.687, 5349869786660, vstest.console.dll, MulticastDelegateUtilities.SafeInvoke: InternalTestLoggerEvents.SendTestRunMessage: Invoking callback 1/1 for Microsoft.VisualStudio.TestPlatform.CommandLine.Internal.ConsoleLogger., took 0 ms.
TpTrace Information: 0 : 12316, 7, 2023/08/16, 18:47:41.687, 5349869786684, vstest.console.dll, TestRunRequest:SendTestRunMessage: Completed.
TpTrace Verbose: 0 : 12316, 7, 2023/08/16, 18:47:41.687, 5349869787398, vstest.console.dll, MulticastDelegateUtilities.SafeInvoke: LengthPrefixCommunicationChannel: MessageReceived: Invoking callback 1/1 for Microsoft.VisualStudio.TestPlatform.CommunicationUtilities.TestRequestSender+<>c__DisplayClass34_0., took 0 ms.
TpTrace Verbose: 0 : 12316, 7, 2023/08/16, 18:47:41.687, 5349869787665, vstest.console.dll, TcpClientExtensions.MessageLoopAsync: Polling on remoteEndPoint: 127.0.0.1:13229 localEndPoint: 127.0.0.1:13228
TpTrace Verbose: 0 : 12316, 7, 2023/08/16, 18:47:41.687, 5349869787878, vstest.console.dll, TcpClientExtensions.MessageLoopAsync: NotifyDataAvailable remoteEndPoint: 127.0.0.1:13229 localEndPoint: 127.0.0.1:13228
TpTrace Verbose: 0 : 12316, 7, 2023/08/16, 18:47:41.687, 5349869788244, vstest.console.dll, TestRequestSender.OnExecutionMessageReceived: Received message: {"Version":6,"MessageType":"TestSession.Message","Payload":{"MessageLevel":0,"Message":"[xUnit.net 00:00:00.81]         C:\\Users\\Lenovo\\source\\repos\\SimpleHotelWebsite-new 04.08\\Tests\\MyHotelWebsite.Services.Data.Tests\\BlogsServiceTests.cs(220,0): at MyHotelWebsite.Services.Data.Tests.BlogsServiceTests.DeleteBlogAsyncShouldWorkCorrectly()"}}
TpTrace Verbose: 0 : 12316, 7, 2023/08/16, 18:47:41.688, 5349869788695, vstest.console.dll, TestRunRequest:SendTestRunMessage: Starting.
TpTrace Verbose: 0 : 12316, 7, 2023/08/16, 18:47:41.688, 5349869788993, vstest.console.dll, MulticastDelegateUtilities.SafeInvoke: TestRun.LogMessages: Invoking callback 1/1 for Microsoft.VisualStudio.TestPlatform.CommandLine.TestRunResultAggregator., took 0 ms.
TpTrace Information: 0 : 12316, 7, 2023/08/16, 18:47:41.688, 5349869789163, vstest.console.dll, TestRunRequest:SendTestRunMessage: Completed.
TpTrace Verbose: 0 : 12316, 4, 2023/08/16, 18:47:41.688, 5349869789151, vstest.console.dll, MulticastDelegateUtilities.SafeInvoke: InternalTestLoggerEvents.SendTestRunMessage: Invoking callback 1/1 for Microsoft.VisualStudio.TestPlatform.CommandLine.Internal.ConsoleLogger., took 0 ms.
TpTrace Verbose: 0 : 12316, 7, 2023/08/16, 18:47:41.688, 5349869789332, vstest.console.dll, MulticastDelegateUtilities.SafeInvoke: LengthPrefixCommunicationChannel: MessageReceived: Invoking callback 1/1 for Microsoft.VisualStudio.TestPlatform.CommunicationUtilities.TestRequestSender+<>c__DisplayClass34_0., took 0 ms.
TpTrace Verbose: 0 : 12316, 7, 2023/08/16, 18:47:41.688, 5349869789995, vstest.console.dll, TcpClientExtensions.MessageLoopAsync: Polling on remoteEndPoint: 127.0.0.1:13229 localEndPoint: 127.0.0.1:13228
TpTrace Verbose: 0 : 12316, 7, 2023/08/16, 18:47:41.688, 5349869790235, vstest.console.dll, TcpClientExtensions.MessageLoopAsync: NotifyDataAvailable remoteEndPoint: 127.0.0.1:13229 localEndPoint: 127.0.0.1:13228
TpTrace Verbose: 0 : 12316, 7, 2023/08/16, 18:47:41.688, 5349869790589, vstest.console.dll, TestRequestSender.OnExecutionMessageReceived: Received message: {"Version":6,"MessageType":"TestSession.Message","Payload":{"MessageLevel":0,"Message":"[xUnit.net 00:00:00.81]         --- End of stack trace from previous location ---"}}
TpTrace Verbose: 0 : 12316, 7, 2023/08/16, 18:47:41.688, 5349869790983, vstest.console.dll, TestRunRequest:SendTestRunMessage: Starting.
TpTrace Verbose: 0 : 12316, 7, 2023/08/16, 18:47:41.688, 5349869791265, vstest.console.dll, MulticastDelegateUtilities.SafeInvoke: TestRun.LogMessages: Invoking callback 1/1 for Microsoft.VisualStudio.TestPlatform.CommandLine.TestRunResultAggregator., took 0 ms.
TpTrace Information: 0 : 12316, 7, 2023/08/16, 18:47:41.688, 5349869791457, vstest.console.dll, TestRunRequest:SendTestRunMessage: Completed.
TpTrace Verbose: 0 : 12316, 4, 2023/08/16, 18:47:41.688, 5349869791482, vstest.console.dll, MulticastDelegateUtilities.SafeInvoke: InternalTestLoggerEvents.SendTestRunMessage: Invoking callback 1/1 for Microsoft.VisualStudio.TestPlatform.CommandLine.Internal.ConsoleLogger., took 0 ms.
TpTrace Verbose: 0 : 12316, 7, 2023/08/16, 18:47:41.688, 5349869791642, vstest.console.dll, MulticastDelegateUtilities.SafeInvoke: LengthPrefixCommunicationChannel: MessageReceived: Invoking callback 1/1 for Microsoft.VisualStudio.TestPlatform.CommunicationUtilities.TestRequestSender+<>c__DisplayClass34_0., took 0 ms.
TpTrace Verbose: 0 : 12316, 7, 2023/08/16, 18:47:41.688, 5349869792311, vstest.console.dll, TcpClientExtensions.MessageLoopAsync: Polling on remoteEndPoint: 127.0.0.1:13229 localEndPoint: 127.0.0.1:13228
TpTrace Verbose: 0 : 12316, 7, 2023/08/16, 18:47:41.748, 5349870391331, vstest.console.dll, TcpClientExtensions.MessageLoopAsync: NotifyDataAvailable remoteEndPoint: 127.0.0.1:13229 localEndPoint: 127.0.0.1:13228
TpTrace Verbose: 0 : 12316, 7, 2023/08/16, 18:47:41.748, 5349870395300, vstest.console.dll, TestRequestSender.OnExecutionMessageReceived: Received message: {"Version":6,"MessageType":"TestExecution.StatsChange","Payload":{"NewTestResults":[{"TestCase":{"Id":"3b4c4176-6790-f6fe-e6e8-d1de870e0c82","FullyQualifiedName":"MyHotelWebsite.Services.Data.Tests.SettingsServiceTests.GetCountShouldReturnCorrectNumber","DisplayName":"MyHotelWebsite.Services.Data.Tests.SettingsServiceTests.GetCountShouldReturnCorrectNumber","ExecutorUri":"executor://xunit/VsTestRunner2/netcoreapp","Source":"C:\\Users\\Lenovo\\source\\repos\\SimpleHotelWebsite-new 04.08\\Tests\\MyHotelWebsite.Services.Data.Tests\\bin\\Debug\\net6.0\\fine-code-coverage\\build-output\\MyHotelWebsite.Services.Data.Tests.dll","CodeFilePath":null,"LineNumber":0,"Properties":[]},"Attachments":[],"Outcome":1,"ErrorMessage":null,"ErrorStackTrace":null,"DisplayName":"MyHotelWebsite.Services.Data.Tests.SettingsServiceTests.GetCountShouldReturnCorrectNumber","Messages":[],"ComputerName":"LAPTOP-B4JJU9ER","Duration":"00:00:00.0658209","StartTime":"2023-08-16T15:47:41.6546303+00:00","EndTime":"2023-08-16T15:47:41.6546461+00:00","Properties":[]},{"TestCase":{"Id":"ec988858-e898-f74d-1b20-d0872aadb257","FullyQualifiedName":"MyHotelWebsite.Services.Data.Tests.BlogsServiceTests.DeleteBlogAsyncShouldWorkCorrectly","DisplayName":"MyHotelWebsite.Services.Data.Tests.BlogsServiceTests.DeleteBlogAsyncShouldWorkCorrectly","ExecutorUri":"executor://xunit/VsTestRunner2/netcoreapp","Source":"C:\\Users\\Lenovo\\source\\repos\\SimpleHotelWebsite-new 04.08\\Tests\\MyHotelWebsite.Services.Data.Tests\\bin\\Debug\\net6.0\\fine-code-coverage\\build-output\\MyHotelWebsite.Services.Data.Tests.dll","CodeFilePath":null,"LineNumber":0,"Properties":[]},"Attachments":[],"Outcome":2,"ErrorMessage":"System.InvalidOperationException : The provider for the source 'IQueryable' doesn't implement 'IAsyncQueryProvider'. Only providers that implement 'IAsyncQueryProvider' can be used for Entity Framework asynchronous operations.","ErrorStackTrace":"   at Microsoft.EntityFrameworkCore.EntityFrameworkQueryableExtensions.ExecuteAsync[TSource,TResult](MethodInfo operatorMethodInfo, IQueryable`1 source, Expression expression, CancellationToken cancellationToken)\r\n   at Microsoft.EntityFrameworkCore.EntityFrameworkQueryableExtensions.ExecuteAsync[TSource,TResult](MethodInfo operatorMethodInfo, IQueryable`1 source, LambdaExpression expression, CancellationToken cancellationToken)\r\n   at Microsoft.EntityFrameworkCore.EntityFrameworkQueryableExtensions.FirstOrDefaultAsync[TSource](IQueryable`1 source, Expression`1 predicate, CancellationToken cancellationToken)\r\n   at MyHotelWebsite.Services.Data.BlogsService.DeleteBlogAsync(Int32 id) in C:\\Users\\Lenovo\\source\\repos\\SimpleHotelWebsite-new 04.08\\Services\\MyHotelWebsite.Services.Data\\BlogsService.cs:line 68\r\n   at MyHotelWebsite.Services.Data.Tests.BlogsServiceTests.DeleteBlogAsyncShouldWorkCorrectly() in C:\\Users\\Lenovo\\source\\repos\\SimpleHotelWebsite-new 04.08\\Tests\\MyHotelWebsite.Services.Data.Tests\\BlogsServiceTests.cs:line 220\r\n--- End of stack trace from previous location ---","DisplayName":"MyHotelWebsite.Services.Data.Tests.BlogsServiceTests.DeleteBlogAsyncShouldWorkCorrectly","Messages":[],"ComputerName":"LAPTOP-B4JJU9ER","Duration":"00:00:00.0805151","StartTime":"2023-08-16T15:47:41.6883117+00:00","EndTime":"2023-08-16T15:47:41.6883118+00:00","Properties":[]},{"TestCase":{"Id":"6442c4f6-3fbb-7e11-c2d1-fe3c9b957c34","FullyQualifiedName":"MyHotelWebsite.Services.Data.Tests.BlogsServiceTests.GetAllBlogsAsyncShouldReturnAllBlogs","DisplayName":"MyHotelWebsite.Services.Data.Tests.BlogsServiceTests.GetAllBlogsAsyncShouldReturnAllBlogs","ExecutorUri":"executor://xunit/VsTestRunner2/netcoreapp","Source":"C:\\Users\\Lenovo\\source\\repos\\SimpleHotelWebsite-new 04.08\\Tests\\MyHotelWebsite.Services.Data.Tests\\bin\\Debug\\net6.0\\fine-code-coverage\\build-output\\MyHotelWebsite.Services.Data.Tests.dll","CodeFilePath":null,"LineNumber":0,"Properties":[]},"Attachments":[],"Outcome":1,"ErrorMessage":null,"ErrorStackTrace":null,"DisplayName":"MyHotelWebsite.Services.Data.Tests.BlogsServiceTests.GetAllBlogsAsyncShouldReturnAllBlogs","Messages":[],"ComputerName":"LAPTOP-B4JJU9ER","Duration":"00:00:00.0277660","StartTime":"2023-08-16T15:47:41.7081965+00:00","EndTime":"2023-08-16T15:47:41.7081968+00:00","Properties":[]},{"TestCase":{"Id":"54527a23-4d62-3849-8472-eb70d5727a66","FullyQualifiedName":"MyHotelWebsite.Services.Data.Tests.DishesServiceTests.SearchDishesByCategoryAsyncShouldWorkCorrect","DisplayName":"MyHotelWebsite.Services.Data.Tests.DishesServiceTests.SearchDishesByCategoryAsyncShouldWorkCorrect","ExecutorUri":"executor://xunit/VsTestRunner2/netcoreapp","Source":"C:\\Users\\Lenovo\\source\\repos\\SimpleHotelWebsite-new 04.08\\Tests\\MyHotelWebsite.Services.Data.Tests\\bin\\Debug\\net6.0\\fine-code-coverage\\build-output\\MyHotelWebsite.Services.Data.Tests.dll","CodeFilePath":null,"LineNumber":0,"Properties":[]},"Attachments":[],"Outcome":1,"ErrorMessage":null,"ErrorStackTrace":null,"DisplayName":"MyHotelWebsite.Services.Data.Tests.DishesServiceTests.SearchDishesByCategoryAsyncShouldWorkCorrect","Messages":[],"ComputerName":"LAPTOP-B4JJU9ER","Duration":"00:00:00.1303117","StartTime":"2023-08-16T15:47:41.7120708+00:00","EndTime":"2023-08-16T15:47:41.7120709+00:00","Properties":[]},{"TestCase":{"Id":"60613a33-005d-25f5-32f3-48f61ed3c165","FullyQualifiedName":"MyHotelWebsite.Services.Data.Tests.BlogsServiceTests.DoesBlogExistsAsyncShouldWorkCorrectly","DisplayName":"MyHotelWebsite.Services.Data.Tests.BlogsServiceTests.DoesBlogExistsAsyncShouldWorkCorrectly","ExecutorUri":"executor://xunit/VsTestRunner2/netcoreapp","Source":"C:\\Users\\Lenovo\\source\\repos\\SimpleHotelWebsite-new 04.08\\Tests\\MyHotelWebsite.Services.Data.Tests\\bin\\Debug\\net6.0\\fine-code-coverage\\build-output\\MyHotelWebsite.Services.Data.Tests.dll","CodeFilePath":null,"LineNumber":0,"Properties":[]},"Attachments":[],"Outcome":1,"ErrorMessage":null,"ErrorStackTrace":null,"DisplayName":"MyHotelWebsite.Services.Data.Tests.BlogsServiceTests.DoesBlogExistsAsyncShouldWorkCorrectly","Messages":[],"ComputerName":"LAPTOP-B4JJU9ER","Duration":"00:00:00.0043321","StartTime":"2023-08-16T15:47:41.7142294+00:00","EndTime":"2023-08-16T15:47:41.7142295+00:00","Properties":[]},{"TestCase":{"Id":"80e22e74-dd19-31c9-e4e9-e29e728fc769","FullyQualifiedName":"MyHotelWebsite.Services.Data.Tests.BlogsServiceTests.GetLastBlogsAsyncShouldReturnCorrectBlogs","DisplayName":"MyHotelWebsite.Services.Data.Tests.BlogsServiceTests.GetLastBlogsAsyncShouldReturnCorrectBlogs","ExecutorUri":"executor://xunit/VsTestRunner2/netcoreapp","Source":"C:\\Users\\Lenovo\\source\\repos\\SimpleHotelWebsite-new 04.08\\Tests\\MyHotelWebsite.Services.Data.Tests\\bin\\Debug\\net6.0\\fine-code-coverage\\build-output\\MyHotelWebsite.Services.Data.Tests.dll","CodeFilePath":null,"LineNumber":0,"Properties":[]},"Attachments":[],"Outcome":1,"ErrorMessage":null,"ErrorStackTrace":null,"DisplayName":"MyHotelWebsite.Services.Data.Tests.BlogsServiceTests.GetLastBlogsAsyncShouldReturnCorrectBlogs","Messages":[],"ComputerName":"LAPTOP-B4JJU9ER","Duration":"00:00:00.0030749","StartTime":"2023-08-16T15:47:41.716288+00:00","EndTime":"2023-08-16T15:47:41.716288+00:00","Properties":[]},{"TestCase":{"Id":"dcacae8e-3a86-cfda-b100-e06ba2692a2d","FullyQualifiedName":"MyHotelWebsite.Services.Data.Tests.BlogsServiceTests.GetCountAsyncShouldReturnCorrectNumber","DisplayName":"MyHotelWebsite.Services.Data.Tests.BlogsServiceTests.GetCountAsyncShouldReturnCorrectNumber","ExecutorUri":"executor://xunit/VsTestRunner2/netcoreapp","Source":"C:\\Users\\Lenovo\\source\\repos\\SimpleHotelWebsite-new 04.08\\Tests\\MyHotelWebsite.Services.Data.Tests\\bin\\Debug\\net6.0\\fine-code-coverage\\build-output\\MyHotelWebsite.Services.Data.Tests.dll","CodeFilePath":null,"LineNumber":0,"Properties":[]},"Attachments":[],"Outcome":1,"ErrorMessage":null,"ErrorStackTrace":null,"DisplayName":"MyHotelWebsite.Services.Data.Tests.BlogsServiceTests.GetCountAsyncShouldReturnCorrectNumber","Messages":[],"ComputerName":"LAPTOP-B4JJU9ER","Duration":"00:00:00.0083878","StartTime":"2023-08-16T15:47:41.7244772+00:00","EndTime":"2023-08-16T15:47:41.7244773+00:00","Properties":[]}],"TestRunStatistics":{"ExecutedTests":7,"Stats":{"Passed":6,"Failed":1}},"ActiveTests":[{"Id":"2fd66ebc-3fbf-6806-5da3-9e3a24d4e584","FullyQualifiedName":"MyHotelWebsite.Services.Data.Tests.SettingsServiceTests.GetCountShouldReturnCorrectNumberUsingDbContext","DisplayName":"MyHotelWebsite.Services.Data.Tests.SettingsServiceTests.GetCountShouldReturnCorrectNumberUsingDbContext","ExecutorUri":"executor://xunit/VsTestRunner2/netcoreapp","Source":"C:\\Users\\Lenovo\\source\\repos\\SimpleHotelWebsite-new 04.08\\Tests\\MyHotelWebsite.Services.Data.Tests\\bin\\Debug\\net6.0\\fine-code-coverage\\build-output\\MyHotelWebsite.Services.Data.Tests.dll","CodeFilePath":null,"LineNumber":0,"Properties":[]},{"Id":"014fb820-344a-b56a-3789-3bb8009966cb","FullyQualifiedName":"MyHotelWebsite.Services.Data.Tests.DishesServiceTests.DishDetailsByIdAsyncShouldWorkCorrectly","DisplayName":"MyHotelWebsite.Services.Data.Tests.DishesServiceTests.DishDetailsByIdAsyncShouldWorkCorrectly","ExecutorUri":"executor://xunit/VsTestRunner2/netcoreapp","Source":"C:\\Users\\Lenovo\\source\\repos\\SimpleHotelWebsite-new 04.08\\Tests\\MyHotelWebsite.Services.Data.Tests\\bin\\Debug\\net6.0\\fine-code-coverage\\build-output\\MyHotelWebsite.Services.Data.Tests.dll","CodeFilePath":null,"LineNumber":0,"Properties":[]},{"Id":"d38cb513-4ea0-7c95-95d0-cdb4211ee15f","FullyQualifiedName":"MyHotelWebsite.Services.Data.Tests.BlogsServiceTests.BlogDetailsByIdAsyncShouldWorkCorrectly","DisplayName":"MyHotelWebsite.Services.Data.Tests.BlogsServiceTests.BlogDetailsByIdAsyncShouldWorkCorrectly","ExecutorUri":"executor://xunit/VsTestRunner2/netcoreapp","Source":"C:\\Users\\Lenovo\\source\\repos\\SimpleHotelWebsite-new 04.08\\Tests\\MyHotelWebsite.Services.Data.Tests\\bin\\Debug\\net6.0\\fine-code-coverage\\build-output\\MyHotelWebsite.Services.Data.Tests.dll","CodeFilePath":null,"LineNumber":0,"Properties":[]}]}}
TpTrace Verbose: 0 : 12316, 7, 2023/08/16, 18:47:41.769, 5349870598864, vstest.console.dll, TestRunRequest:SendTestRunStatsChange: Starting.
TpTrace Verbose: 0 : 12316, 7, 2023/08/16, 18:47:41.769, 5349870600763, vstest.console.dll, InProgress is MyHotelWebsite.Services.Data.Tests.SettingsServiceTests.GetCountShouldReturnCorrectNumberUsingDbContext
TpTrace Verbose: 0 : 12316, 7, 2023/08/16, 18:47:41.769, 5349870601011, vstest.console.dll, InProgress is MyHotelWebsite.Services.Data.Tests.DishesServiceTests.DishDetailsByIdAsyncShouldWorkCorrectly
TpTrace Verbose: 0 : 12316, 7, 2023/08/16, 18:47:41.769, 5349870601172, vstest.console.dll, InProgress is MyHotelWebsite.Services.Data.Tests.BlogsServiceTests.BlogDetailsByIdAsyncShouldWorkCorrectly
TpTrace Verbose: 0 : 12316, 7, 2023/08/16, 18:47:41.769, 5349870603202, vstest.console.dll, MulticastDelegateUtilities.SafeInvoke: TestRun.RunStatsChanged: Invoking callbacks was skipped because there are no subscribers.
TpTrace Information: 0 : 12316, 7, 2023/08/16, 18:47:41.769, 5349870603474, vstest.console.dll, TestRunRequest:SendTestRunStatsChange: Completed.
TpTrace Verbose: 0 : 12316, 7, 2023/08/16, 18:47:41.769, 5349870603666, vstest.console.dll, MulticastDelegateUtilities.SafeInvoke: LengthPrefixCommunicationChannel: MessageReceived: Invoking callback 1/1 for Microsoft.VisualStudio.TestPlatform.CommunicationUtilities.TestRequestSender+<>c__DisplayClass34_0., took 20 ms.
TpTrace Verbose: 0 : 12316, 7, 2023/08/16, 18:47:41.769, 5349870603912, vstest.console.dll, TcpClientExtensions.MessageLoopAsync: Polling on remoteEndPoint: 127.0.0.1:13229 localEndPoint: 127.0.0.1:13228
TpTrace Verbose: 0 : 12316, 4, 2023/08/16, 18:47:41.772, 5349870635492, vstest.console.dll, MulticastDelegateUtilities.SafeInvoke: InternalTestLoggerEvents.SendTestResult: Invoking callback 1/1 for Microsoft.VisualStudio.TestPlatform.CommandLine.Internal.ConsoleLogger., took 3 ms.
TpTrace Verbose: 0 : 12316, 4, 2023/08/16, 18:47:41.773, 5349870642879, vstest.console.dll, MulticastDelegateUtilities.SafeInvoke: InternalTestLoggerEvents.SendTestResult: Invoking callback 1/1 for Microsoft.VisualStudio.TestPlatform.CommandLine.Internal.ConsoleLogger., took 0 ms.
TpTrace Verbose: 0 : 12316, 4, 2023/08/16, 18:47:41.773, 5349870644052, vstest.console.dll, MulticastDelegateUtilities.SafeInvoke: InternalTestLoggerEvents.SendTestResult: Invoking callback 1/1 for Microsoft.VisualStudio.TestPlatform.CommandLine.Internal.ConsoleLogger., took 0 ms.
TpTrace Verbose: 0 : 12316, 4, 2023/08/16, 18:47:41.773, 5349870644313, vstest.console.dll, MulticastDelegateUtilities.SafeInvoke: InternalTestLoggerEvents.SendTestResult: Invoking callback 1/1 for Microsoft.VisualStudio.TestPlatform.CommandLine.Internal.ConsoleLogger., took 0 ms.
TpTrace Verbose: 0 : 12316, 4, 2023/08/16, 18:47:41.773, 5349870644553, vstest.console.dll, MulticastDelegateUtilities.SafeInvoke: InternalTestLoggerEvents.SendTestResult: Invoking callback 1/1 for Microsoft.VisualStudio.TestPlatform.CommandLine.Internal.ConsoleLogger., took 0 ms.
TpTrace Verbose: 0 : 12316, 4, 2023/08/16, 18:47:41.774, 5349870651224, vstest.console.dll, MulticastDelegateUtilities.SafeInvoke: InternalTestLoggerEvents.SendTestResult: Invoking callback 1/1 for Microsoft.VisualStudio.TestPlatform.CommandLine.Internal.ConsoleLogger., took 0 ms.
TpTrace Verbose: 0 : 12316, 4, 2023/08/16, 18:47:41.774, 5349870651797, vstest.console.dll, MulticastDelegateUtilities.SafeInvoke: InternalTestLoggerEvents.SendTestResult: Invoking callback 1/1 for Microsoft.VisualStudio.TestPlatform.CommandLine.Internal.ConsoleLogger., took 0 ms.
TpTrace Verbose: 0 : 12316, 7, 2023/08/16, 18:47:42.408, 5349876992706, vstest.console.dll, TcpClientExtensions.MessageLoopAsync: NotifyDataAvailable remoteEndPoint: 127.0.0.1:13229 localEndPoint: 127.0.0.1:13228
TpTrace Verbose: 0 : 12316, 7, 2023/08/16, 18:47:42.408, 5349876994317, vstest.console.dll, TestRequestSender.OnExecutionMessageReceived: Received message: {"Version":6,"MessageType":"TestSession.Message","Payload":{"MessageLevel":0,"Message":"[xUnit.net 00:00:01.53]   Finished:    MyHotelWebsite.Services.Data.Tests"}}
TpTrace Verbose: 0 : 12316, 7, 2023/08/16, 18:47:42.408, 5349876996276, vstest.console.dll, TestRunRequest:SendTestRunMessage: Starting.
TpTrace Verbose: 0 : 12316, 7, 2023/08/16, 18:47:42.408, 5349876997403, vstest.console.dll, MulticastDelegateUtilities.SafeInvoke: TestRun.LogMessages: Invoking callback 1/1 for Microsoft.VisualStudio.TestPlatform.CommandLine.TestRunResultAggregator., took 0 ms.
TpTrace Verbose: 0 : 12316, 4, 2023/08/16, 18:47:42.408, 5349876997521, vstest.console.dll, MulticastDelegateUtilities.SafeInvoke: InternalTestLoggerEvents.SendTestRunMessage: Invoking callback 1/1 for Microsoft.VisualStudio.TestPlatform.CommandLine.Internal.ConsoleLogger., took 0 ms.
TpTrace Information: 0 : 12316, 7, 2023/08/16, 18:47:42.408, 5349876998334, vstest.console.dll, TestRunRequest:SendTestRunMessage: Completed.
TpTrace Verbose: 0 : 12316, 7, 2023/08/16, 18:47:42.409, 5349876999585, vstest.console.dll, MulticastDelegateUtilities.SafeInvoke: LengthPrefixCommunicationChannel: MessageReceived: Invoking callback 1/1 for Microsoft.VisualStudio.TestPlatform.CommunicationUtilities.TestRequestSender+<>c__DisplayClass34_0., took 0 ms.
TpTrace Verbose: 0 : 12316, 7, 2023/08/16, 18:47:42.409, 5349877000123, vstest.console.dll, TcpClientExtensions.MessageLoopAsync: Polling on remoteEndPoint: 127.0.0.1:13229 localEndPoint: 127.0.0.1:13228
TpTrace Verbose: 0 : 12316, 7, 2023/08/16, 18:47:42.433, 5349877240822, vstest.console.dll, TcpClientExtensions.MessageLoopAsync: NotifyDataAvailable remoteEndPoint: 127.0.0.1:13229 localEndPoint: 127.0.0.1:13228
TpTrace Verbose: 0 : 12316, 7, 2023/08/16, 18:47:42.433, 5349877244790, vstest.console.dll, TestRequestSender.OnExecutionMessageReceived: Received message: {"Version":6,"MessageType":"TestExecution.Completed","Payload":{"TestRunCompleteArgs":{"TestRunStatistics":{"ExecutedTests":15,"Stats":{"Passed":14,"Failed":1}},"IsCanceled":false,"IsAborted":false,"Error":null,"AttachmentSets":[],"InvokedDataCollectors":[],"ElapsedTimeInRunningTests":"00:00:01.5474918","Metrics":{},"DiscoveredExtensions":{"TestDiscoverers":["Xunit.Runner.VisualStudio.VsTestRunner, xunit.runner.visualstudio.dotnetcore.testadapter, Version=2.4.0.0, Culture=neutral, PublicKeyToken=8d05b1bb7a6fdb6c"],"TestExecutors":["executor://xunit/VsTestRunner2/netcoreapp"],"TestExecutors2":[],"TestSettingsProviders":[]}},"LastRunTests":{"NewTestResults":[{"TestCase":{"Id":"d38cb513-4ea0-7c95-95d0-cdb4211ee15f","FullyQualifiedName":"MyHotelWebsite.Services.Data.Tests.BlogsServiceTests.BlogDetailsByIdAsyncShouldWorkCorrectly","DisplayName":"MyHotelWebsite.Services.Data.Tests.BlogsServiceTests.BlogDetailsByIdAsyncShouldWorkCorrectly","ExecutorUri":"executor://xunit/VsTestRunner2/netcoreapp","Source":"C:\\Users\\Lenovo\\source\\repos\\SimpleHotelWebsite-new 04.08\\Tests\\MyHotelWebsite.Services.Data.Tests\\bin\\Debug\\net6.0\\fine-code-coverage\\build-output\\MyHotelWebsite.Services.Data.Tests.dll","CodeFilePath":null,"LineNumber":0,"Properties":[]},"Attachments":[],"Outcome":1,"ErrorMessage":null,"ErrorStackTrace":null,"DisplayName":"MyHotelWebsite.Services.Data.Tests.BlogsServiceTests.BlogDetailsByIdAsyncShouldWorkCorrectly","Messages":[],"ComputerName":"LAPTOP-B4JJU9ER","Duration":"00:00:00.0037233","StartTime":"2023-08-16T15:47:41.7493936+00:00","EndTime":"2023-08-16T15:47:41.7493936+00:00","Properties":[]},{"TestCase":{"Id":"014fb820-344a-b56a-3789-3bb8009966cb","FullyQualifiedName":"MyHotelWebsite.Services.Data.Tests.DishesServiceTests.DishDetailsByIdAsyncShouldWorkCorrectly","DisplayName":"MyHotelWebsite.Services.Data.Tests.DishesServiceTests.DishDetailsByIdAsyncShouldWorkCorrectly","ExecutorUri":"executor://xunit/VsTestRunner2/netcoreapp","Source":"C:\\Users\\Lenovo\\source\\repos\\SimpleHotelWebsite-new 04.08\\Tests\\MyHotelWebsite.Services.Data.Tests\\bin\\Debug\\net6.0\\fine-code-coverage\\build-output\\MyHotelWebsite.Services.Data.Tests.dll","CodeFilePath":null,"LineNumber":0,"Properties":[]},"Attachments":[],"Outcome":1,"ErrorMessage":null,"ErrorStackTrace":null,"DisplayName":"MyHotelWebsite.Services.Data.Tests.DishesServiceTests.DishDetailsByIdAsyncShouldWorkCorrectly","Messages":[],"ComputerName":"LAPTOP-B4JJU9ER","Duration":"00:00:00.0165282","StartTime":"2023-08-16T15:47:41.7512608+00:00","EndTime":"2023-08-16T15:47:41.7512609+00:00","Properties":[]},{"TestCase":{"Id":"fa507c45-a402-10a1-a5f0-7712cea76178","FullyQualifiedName":"MyHotelWebsite.Services.Data.Tests.DishesServiceTests.GetCountAsyncShouldReturnCorrectNumber","DisplayName":"MyHotelWebsite.Services.Data.Tests.DishesServiceTests.GetCountAsyncShouldReturnCorrectNumber","ExecutorUri":"executor://xunit/VsTestRunner2/netcoreapp","Source":"C:\\Users\\Lenovo\\source\\repos\\SimpleHotelWebsite-new 04.08\\Tests\\MyHotelWebsite.Services.Data.Tests\\bin\\Debug\\net6.0\\fine-code-coverage\\build-output\\MyHotelWebsite.Services.Data.Tests.dll","CodeFilePath":null,"LineNumber":0,"Properties":[]},"Attachments":[],"Outcome":1,"ErrorMessage":null,"ErrorStackTrace":null,"DisplayName":"MyHotelWebsite.Services.Data.Tests.DishesServiceTests.GetCountAsyncShouldReturnCorrectNumber","Messages":[],"ComputerName":"LAPTOP-B4JJU9ER","Duration":"00:00:00.0016647","StartTime":"2023-08-16T15:47:41.7535879+00:00","EndTime":"2023-08-16T15:47:41.7535879+00:00","Properties":[]},{"TestCase":{"Id":"bd0b635f-e051-4e8e-1fce-5e5c751cd849","FullyQualifiedName":"MyHotelWebsite.Services.Data.Tests.DishesServiceTests.GetAllDishesAsyncShouldReturnAllDishes","DisplayName":"MyHotelWebsite.Services.Data.Tests.DishesServiceTests.GetAllDishesAsyncShouldReturnAllDishes","ExecutorUri":"executor://xunit/VsTestRunner2/netcoreapp","Source":"C:\\Users\\Lenovo\\source\\repos\\SimpleHotelWebsite-new 04.08\\Tests\\MyHotelWebsite.Services.Data.Tests\\bin\\Debug\\net6.0\\fine-code-coverage\\build-output\\MyHotelWebsite.Services.Data.Tests.dll","CodeFilePath":null,"LineNumber":0,"Properties":[]},"Attachments":[],"Outcome":1,"ErrorMessage":null,"ErrorStackTrace":null,"DisplayName":"MyHotelWebsite.Services.Data.Tests.DishesServiceTests.GetAllDishesAsyncShouldReturnAllDishes","Messages":[],"ComputerName":"LAPTOP-B4JJU9ER","Duration":"00:00:00.0070733","StartTime":"2023-08-16T15:47:41.7562713+00:00","EndTime":"2023-08-16T15:47:41.7562714+00:00","Properties":[]},{"TestCase":{"Id":"cffe56b5-ef14-ac3c-a505-364b4e6f89ea","FullyQualifiedName":"MyHotelWebsite.Services.Data.Tests.DishesServiceTests.DishQuantityInStockAsyncShouldWorkCorrectly","DisplayName":"MyHotelWebsite.Services.Data.Tests.DishesServiceTests.DishQuantityInStockAsyncShouldWorkCorrectly","ExecutorUri":"executor://xunit/VsTestRunner2/netcoreapp","Source":"C:\\Users\\Lenovo\\source\\repos\\SimpleHotelWebsite-new 04.08\\Tests\\MyHotelWebsite.Services.Data.Tests\\bin\\Debug\\net6.0\\fine-code-coverage\\build-output\\MyHotelWebsite.Services.Data.Tests.dll","CodeFilePath":null,"LineNumber":0,"Properties":[]},"Attachments":[],"Outcome":1,"ErrorMessage":null,"ErrorStackTrace":null,"DisplayName":"MyHotelWebsite.Services.Data.Tests.DishesServiceTests.DishQuantityInStockAsyncShouldWorkCorrectly","Messages":[],"ComputerName":"LAPTOP-B4JJU9ER","Duration":"00:00:00.0025656","StartTime":"2023-08-16T15:47:41.7585308+00:00","EndTime":"2023-08-16T15:47:41.7585308+00:00","Properties":[]},{"TestCase":{"Id":"f8425100-7a80-b90b-8683-84d5c3f7afb9","FullyQualifiedName":"MyHotelWebsite.Services.Data.Tests.DishesServiceTests.DoesDishExistsAsyncShouldWorkCorrectly","DisplayName":"MyHotelWebsite.Services.Data.Tests.DishesServiceTests.DoesDishExistsAsyncShouldWorkCorrectly","ExecutorUri":"executor://xunit/VsTestRunner2/netcoreapp","Source":"C:\\Users\\Lenovo\\source\\repos\\SimpleHotelWebsite-new 04.08\\Tests\\MyHotelWebsite.Services.Data.Tests\\bin\\Debug\\net6.0\\fine-code-coverage\\build-output\\MyHotelWebsite.Services.Data.Tests.dll","CodeFilePath":null,"LineNumber":0,"Properties":[]},"Attachments":[],"Outcome":1,"ErrorMessage":null,"ErrorStackTrace":null,"DisplayName":"MyHotelWebsite.Services.Data.Tests.DishesServiceTests.DoesDishExistsAsyncShouldWorkCorrectly","Messages":[],"ComputerName":"LAPTOP-B4JJU9ER","Duration":"00:00:00.0029472","StartTime":"2023-08-16T15:47:41.7606595+00:00","EndTime":"2023-08-16T15:47:41.7606596+00:00","Properties":[]},{"TestCase":{"Id":"4fd7d114-9d66-367e-fb9a-f5b875933eca","FullyQualifiedName":"MyHotelWebsite.Services.Data.Tests.DishesServiceTests.GetCountOfDishesByCategoryAsyncShouldReturnCorrectNumber","DisplayName":"MyHotelWebsite.Services.Data.Tests.DishesServiceTests.GetCountOfDishesByCategoryAsyncShouldReturnCorrectNumber","ExecutorUri":"executor://xunit/VsTestRunner2/netcoreapp","Source":"C:\\Users\\Lenovo\\source\\repos\\SimpleHotelWebsite-new 04.08\\Tests\\MyHotelWebsite.Services.Data.Tests\\bin\\Debug\\net6.0\\fine-code-coverage\\build-output\\MyHotelWebsite.Services.Data.Tests.dll","CodeFilePath":null,"LineNumber":0,"Properties":[]},"Attachments":[],"Outcome":1,"ErrorMessage":null,"ErrorStackTrace":null,"DisplayName":"MyHotelWebsite.Services.Data.Tests.DishesServiceTests.GetCountOfDishesByCategoryAsyncShouldReturnCorrectNumber","Messages":[],"ComputerName":"LAPTOP-B4JJU9ER","Duration":"00:00:00.0060915","StartTime":"2023-08-16T15:47:41.7627892+00:00","EndTime":"2023-08-16T15:47:41.7627892+00:00","Properties":[]},{"TestCase":{"Id":"2fd66ebc-3fbf-6806-5da3-9e3a24d4e584","FullyQualifiedName":"MyHotelWebsite.Services.Data.Tests.SettingsServiceTests.GetCountShouldReturnCorrectNumberUsingDbContext","DisplayName":"MyHotelWebsite.Services.Data.Tests.SettingsServiceTests.GetCountShouldReturnCorrectNumberUsingDbContext","ExecutorUri":"executor://xunit/VsTestRunner2/netcoreapp","Source":"C:\\Users\\Lenovo\\source\\repos\\SimpleHotelWebsite-new 04.08\\Tests\\MyHotelWebsite.Services.Data.Tests\\bin\\Debug\\net6.0\\fine-code-coverage\\build-output\\MyHotelWebsite.Services.Data.Tests.dll","CodeFilePath":null,"LineNumber":0,"Properties":[]},"Attachments":[],"Outcome":1,"ErrorMessage":null,"ErrorStackTrace":null,"DisplayName":"MyHotelWebsite.Services.Data.Tests.SettingsServiceTests.GetCountShouldReturnCorrectNumberUsingDbContext","Messages":[],"ComputerName":"LAPTOP-B4JJU9ER","Duration":"00:00:00.7522786","StartTime":"2023-08-16T15:47:42.4059548+00:00","EndTime":"2023-08-16T15:47:42.4059549+00:00","Properties":[]}],"TestRunStatistics":{"ExecutedTests":15,"Stats":{"Passed":14,"Failed":1}},"ActiveTests":[]},"RunAttachments":[],"ExecutorUris":["executor://xunit/VsTestRunner2/netcoreapp"]}}
TpTrace Verbose: 0 : 12316, 7, 2023/08/16, 18:47:42.433, 5349877247576, vstest.console.dll, TestRequestSender.EndSession: Sending end session.
TpTrace Verbose: 0 : 12316, 7, 2023/08/16, 18:47:42.434, 5349877250837, vstest.console.dll, ProxyOperationManager.Close: waiting for test host to exit for 100 ms
TpTrace Warning: 0 : 12316, 11, 2023/08/16, 18:47:42.465, 5349877568337, vstest.console.dll, TestHostManagerCallbacks.ErrorReceivedCallback Test host standard error line: 
TpTrace Verbose: 0 : 12316, 11, 2023/08/16, 18:47:42.479, 5349877701887, vstest.console.dll, TestHostProvider.ExitCallBack: Host exited starting callback.
TpTrace Information: 0 : 12316, 11, 2023/08/16, 18:47:42.479, 5349877703316, vstest.console.dll, TestHostManagerCallbacks.ExitCallBack: Testhost processId: 22124 exited with exitcode: 0 error: ''
TpTrace Verbose: 0 : 12316, 11, 2023/08/16, 18:47:42.479, 5349877703621, vstest.console.dll, DotnetTestHostManager.OnHostExited: invoking OnHostExited callback
TpTrace Verbose: 0 : 12316, 11, 2023/08/16, 18:47:42.479, 5349877703900, vstest.console.dll, CrossPlatEngine.TestHostManagerHostExited: calling on client process exit callback.
TpTrace Information: 0 : 12316, 11, 2023/08/16, 18:47:42.479, 5349877704226, vstest.console.dll, TestRequestSender.OnClientProcessExit: Test host process exited. Standard error: 
TpTrace Information: 0 : 12316, 11, 2023/08/16, 18:47:42.479, 5349877704450, vstest.console.dll, SocketServer.Stop: Stop server endPoint: 127.0.0.1:13228
TpTrace Information: 0 : 12316, 11, 2023/08/16, 18:47:42.479, 5349877704602, vstest.console.dll, SocketServer.Stop: Cancellation requested. Stopping message loop.
TpTrace Verbose: 0 : 12316, 11, 2023/08/16, 18:47:42.479, 5349877705119, vstest.console.dll, MulticastDelegateUtilities.SafeInvoke: HostProviderEvents.OnHostExited: Invoking callback 1/1 for Microsoft.VisualStudio.TestPlatform.CrossPlatEngine.Client.ProxyOperationManager., took 0 ms.
TpTrace Information: 0 : 12316, 7, 2023/08/16, 18:47:42.479, 5349877705463, vstest.console.dll, SocketServer.Stop: Stop server endPoint: 127.0.0.1:13228
TpTrace Information: 0 : 12316, 7, 2023/08/16, 18:47:42.479, 5349877706243, vstest.console.dll, SocketServer.Stop: Cancellation requested. Stopping message loop.
TpTrace Information: 0 : 12316, 7, 2023/08/16, 18:47:42.479, 5349877706775, vstest.console.dll, Closing the connection
TpTrace Verbose: 0 : 12316, 7, 2023/08/16, 18:47:42.480, 5349877709449, vstest.console.dll, ProxyDataCollectionManager.InvokeDataCollectionServiceAction: Starting.
TpTrace Information: 0 : 12316, 7, 2023/08/16, 18:47:42.480, 5349877710120, vstest.console.dll, ProxyDataCollectionManager.AfterTestRunEnd: Get attachment set and invoked data collectors processId: 23840 port: 13223
TpTrace Verbose: 0 : 12316, 7, 2023/08/16, 18:47:42.480, 5349877710726, vstest.console.dll, DataCollectionRequestSender.SendAfterTestRunStartAndGetResult: Send AfterTestRunEnd message with isCancelled: False
TpTrace Verbose: 0 : 12316, 7, 2023/08/16, 18:47:42.487, 5349877778911, vstest.console.dll, DataCollectionRequestSender.SendAfterTestRunStartAndGetResult: Received message: (DataCollection.AfterTestRunEndResult) -> {"MessageType":"DataCollection.AfterTestRunEndResult","Payload":{"AttachmentSets":[],"InvokedDataCollectors":[{"Uri":"datacollector://Microsoft/TestPlatform/Extensions/Blame/v1","FriendlyName":"Blame","AssemblyQualifiedName":"Microsoft.TestPlatform.Extensions.BlameDataCollector.BlameCollector, Microsoft.TestPlatform.Extensions.BlameDataCollector, Version=15.0.0.0, Culture=neutral, PublicKeyToken=b03f5f7f11d50a3a","FilePath":"C:\\Program Files\\dotnet\\sdk\\7.0.304\\Extensions\\Microsoft.TestPlatform.Extensions.BlameDataCollector.dll","HasAttachmentProcessor":false}],"Metrics":{}}}
TpTrace Warning: 0 : 12316, 10, 2023/08/16, 18:47:42.494, 5349877849945, vstest.console.dll, DataCollectionLauncher.ErrorReceivedCallback datacollector standard error line: 
TpTrace Information: 0 : 12316, 7, 2023/08/16, 18:47:42.495, 5349877866991, vstest.console.dll, ProxyDataCollectionManager.InvokeDataCollectionServiceAction: Completed.
TpTrace Information: 0 : 12316, 10, 2023/08/16, 18:47:42.495, 5349877867680, vstest.console.dll, DataCollectionLauncher.ExitCallBack: Data collector exited with exitcode: 0 error: ''
TpTrace Verbose: 0 : 12316, 7, 2023/08/16, 18:47:42.523, 5349878146715, vstest.console.dll, TestRunRequest:SendTestRunStatsChange: Starting.
TpTrace Verbose: 0 : 12316, 7, 2023/08/16, 18:47:42.523, 5349878147952, vstest.console.dll, MulticastDelegateUtilities.SafeInvoke: TestRun.RunStatsChanged: Invoking callbacks was skipped because there are no subscribers.
TpTrace Information: 0 : 12316, 7, 2023/08/16, 18:47:42.523, 5349878148170, vstest.console.dll, TestRunRequest:SendTestRunStatsChange: Completed.
TpTrace Verbose: 0 : 12316, 4, 2023/08/16, 18:47:42.524, 5349878148759, vstest.console.dll, MulticastDelegateUtilities.SafeInvoke: InternalTestLoggerEvents.SendTestResult: Invoking callback 1/1 for Microsoft.VisualStudio.TestPlatform.CommandLine.Internal.ConsoleLogger., took 0 ms.
TpTrace Verbose: 0 : 12316, 4, 2023/08/16, 18:47:42.524, 5349878149210, vstest.console.dll, MulticastDelegateUtilities.SafeInvoke: InternalTestLoggerEvents.SendTestResult: Invoking callback 1/1 for Microsoft.VisualStudio.TestPlatform.CommandLine.Internal.ConsoleLogger., took 0 ms.
TpTrace Verbose: 0 : 12316, 4, 2023/08/16, 18:47:42.524, 5349878149489, vstest.console.dll, MulticastDelegateUtilities.SafeInvoke: InternalTestLoggerEvents.SendTestResult: Invoking callback 1/1 for Microsoft.VisualStudio.TestPlatform.CommandLine.Internal.ConsoleLogger., took 0 ms.
TpTrace Verbose: 0 : 12316, 4, 2023/08/16, 18:47:42.524, 5349878150087, vstest.console.dll, MulticastDelegateUtilities.SafeInvoke: InternalTestLoggerEvents.SendTestResult: Invoking callback 1/1 for Microsoft.VisualStudio.TestPlatform.CommandLine.Internal.ConsoleLogger., took 0 ms.
TpTrace Verbose: 0 : 12316, 4, 2023/08/16, 18:47:42.524, 5349878150536, vstest.console.dll, MulticastDelegateUtilities.SafeInvoke: InternalTestLoggerEvents.SendTestResult: Invoking callback 1/1 for Microsoft.VisualStudio.TestPlatform.CommandLine.Internal.ConsoleLogger., took 0 ms.
TpTrace Verbose: 0 : 12316, 4, 2023/08/16, 18:47:42.524, 5349878151013, vstest.console.dll, MulticastDelegateUtilities.SafeInvoke: InternalTestLoggerEvents.SendTestResult: Invoking callback 1/1 for Microsoft.VisualStudio.TestPlatform.CommandLine.Internal.ConsoleLogger., took 0 ms.
TpTrace Verbose: 0 : 12316, 7, 2023/08/16, 18:47:42.524, 5349878151365, vstest.console.dll, ParallelProxyExecutionManager: HandlePartialRunComplete: Total completed clients = 1, Run complete = True, Run canceled: False.
TpTrace Verbose: 0 : 12316, 4, 2023/08/16, 18:47:42.524, 5349878151485, vstest.console.dll, MulticastDelegateUtilities.SafeInvoke: InternalTestLoggerEvents.SendTestResult: Invoking callback 1/1 for Microsoft.VisualStudio.TestPlatform.CommandLine.Internal.ConsoleLogger., took 0 ms.
TpTrace Verbose: 0 : 12316, 4, 2023/08/16, 18:47:42.524, 5349878152700, vstest.console.dll, MulticastDelegateUtilities.SafeInvoke: InternalTestLoggerEvents.SendTestResult: Invoking callback 1/1 for Microsoft.VisualStudio.TestPlatform.CommandLine.Internal.ConsoleLogger., took 0 ms.
TpTrace Verbose: 0 : 12316, 4, 2023/08/16, 18:47:42.531, 5349878224201, vstest.console.dll, MulticastDelegateUtilities.SafeInvoke: InternalTestLoggerEvents.SendTestRunComplete: Invoking callback 1/2 for Microsoft.TestPlatform.Extensions.BlameDataCollector.BlameLogger., took 0 ms.
TpTrace Verbose: 0 : 12316, 4, 2023/08/16, 18:47:42.535, 5349878268221, vstest.console.dll, MulticastDelegateUtilities.SafeInvoke: InternalTestLoggerEvents.SendTestRunComplete: Invoking callback 2/2 for Microsoft.VisualStudio.TestPlatform.CommandLine.Internal.ConsoleLogger., took 4 ms.
TpTrace Verbose: 0 : 12316, 7, 2023/08/16, 18:47:42.536, 5349878271798, vstest.console.dll, TestRunRequest:TestRunComplete: Starting. IsAborted:False IsCanceled:False.
TpTrace Verbose: 0 : 12316, 7, 2023/08/16, 18:47:42.537, 5349878282200, vstest.console.dll, TestLoggerManager.HandleTestRunComplete: Ignoring as the object is disposed.
TpTrace Verbose: 0 : 12316, 7, 2023/08/16, 18:47:42.537, 5349878284356, vstest.console.dll, MulticastDelegateUtilities.SafeInvoke: TestRun.TestRunComplete: Invoking callback 1/2 for Microsoft.VisualStudio.TestPlatform.CommandLine.TestRunResultAggregator., took 0 ms.
TpTrace Verbose: 0 : 12316, 7, 2023/08/16, 18:47:42.537, 5349878285398, vstest.console.dll, MulticastDelegateUtilities.SafeInvoke: TestRun.TestRunComplete: Invoking callback 2/2 for Microsoft.VisualStudio.TestPlatform.CommandLine.Processors.RunTestsArgumentExecutor+TestRunRequestEventsRegistrar., took 0 ms.
TpTrace Information: 0 : 12316, 7, 2023/08/16, 18:47:42.537, 5349878286050, vstest.console.dll, TestRunRequest:TestRunComplete: Completed.
TpTrace Verbose: 0 : 12316, 7, 2023/08/16, 18:47:42.537, 5349878286306, vstest.console.dll, TestRequestSender.SetOperationComplete: Setting operation complete.
TpTrace Information: 0 : 12316, 7, 2023/08/16, 18:47:42.537, 5349878286484, vstest.console.dll, SocketServer.Stop: Stop server endPoint: 127.0.0.1:13228
TpTrace Verbose: 0 : 12316, 1, 2023/08/16, 18:47:42.537, 5349878286497, vstest.console.dll, TestRunRequest.Dispose: Starting.
TpTrace Information: 0 : 12316, 7, 2023/08/16, 18:47:42.537, 5349878286653, vstest.console.dll, SocketServer.Stop: Cancellation requested. Stopping message loop.
TpTrace Information: 0 : 12316, 1, 2023/08/16, 18:47:42.537, 5349878287153, vstest.console.dll, TestRunRequest.Dispose: Completed.
TpTrace Verbose: 0 : 12316, 7, 2023/08/16, 18:47:42.537, 5349878287443, vstest.console.dll, MulticastDelegateUtilities.SafeInvoke: LengthPrefixCommunicationChannel: MessageReceived: Invoking callback 1/1 for Microsoft.VisualStudio.TestPlatform.CommunicationUtilities.TestRequestSender+<>c__DisplayClass34_0., took 104 ms.
TpTrace Information: 0 : 12316, 1, 2023/08/16, 18:47:42.537, 5349878287802, vstest.console.dll, TestRequestManager.RunTests: run tests completed.
TpTrace Information: 0 : 12316, 7, 2023/08/16, 18:47:42.537, 5349878288091, vstest.console.dll, SocketServer.PrivateStop: Stopping server endPoint: 127.0.0.1:13228 error: 
TpTrace Information: 0 : 12316, 1, 2023/08/16, 18:47:42.538, 5349878288965, vstest.console.dll, RunTestsArgumentProcessor:Execute: Test run is completed.
TpTrace Verbose: 0 : 12316, 1, 2023/08/16, 18:47:42.538, 5349878291270, vstest.console.dll, Executor.Execute: Exiting with exit code of 1
TpTrace Verbose: 0 : 12316, 7, 2023/08/16, 18:47:42.538, 5349878292042, vstest.console.dll, LengthPrefixCommunicationChannel.Dispose: Dispose reader and writer.
TpTrace Information: 0 : 12316, 7, 2023/08/16, 18:47:42.538, 5349878293386, vstest.console.dll, SocketServer.Stop: Raise disconnected event endPoint: 127.0.0.1:13228 error: 
TpTrace Verbose: 0 : 12316, 7, 2023/08/16, 18:47:42.538, 5349878294380, vstest.console.dll, TestRequestSender: OnTestRunAbort: Operation is already complete. Skip error message.
TpTrace Verbose: 0 : 12316, 7, 2023/08/16, 18:47:42.538, 5349878294748, vstest.console.dll, MulticastDelegateUtilities.SafeInvoke: SocketServer: ClientDisconnected: Invoking callback 1/1 for Microsoft.VisualStudio.TestPlatform.CommunicationUtilities.TestRequestSender., took 0 ms.
TpTrace Verbose: 0 : 12316, 7, 2023/08/16, 18:47:42.538, 5349878294948, vstest.console.dll, TcpClientExtensions.MessageLoopAsync: exiting MessageLoopAsync remoteEndPoint: 127.0.0.1:13229 localEndPoint: 127.0.0.1:13228
